Lmod has detected the following error: The following module(s) are unknown:
"mpi"

Please check the spelling or version number. Also try "module spider ..."
It is also possible your cache file is out-of-date; it may help to try:
  $ module --ignore_cache load "mpi"

Also make sure that all modulefiles written in TCL start with the string
#%Module



2026-03-04 09:26:24.344682: I tensorflow/core/platform/cpu_feature_guard.cc:210] This TensorFlow binary is optimized to use available CPU instructions in performance-critical operations.
To enable the following instructions: AVX2 FMA, in other operations, rebuild TensorFlow with the appropriate compiler flags.
WARNING: All log messages before absl::InitializeLog() is called are written to STDERR
I0000 00:00:1772634406.503229 1143285 gpu_device.cc:2020] Created device /job:localhost/replica:0/task:0/device:GPU:0 with 43608 MB memory:  -> device: 0, name: NVIDIA A40, pci bus id: 0000:25:00.0, compute capability: 8.6
2026-03-04 09:26:50.655000: I external/local_xla/xla/service/service.cc:163] XLA service 0x7f2fd4007ad0 initialized for platform CUDA (this does not guarantee that XLA will be used). Devices:
2026-03-04 09:26:50.655043: I external/local_xla/xla/service/service.cc:171]   StreamExecutor device (0): NVIDIA A40, Compute Capability 8.6
2026-03-04 09:26:50.716339: I tensorflow/compiler/mlir/tensorflow/utils/dump_mlir_util.cc:269] disabling MLIR crash reproducer, set env var `MLIR_CRASH_REPRODUCER_DIRECTORY` to enable.
2026-03-04 09:26:51.188417: I external/local_xla/xla/stream_executor/cuda/cuda_dnn.cc:473] Loaded cuDNN version 91002
2026-03-04 09:26:51.269771: I external/local_xla/xla/service/gpu/autotuning/dot_search_space.cc:208] All configs were filtered out because none of them sufficiently match the hints. Maybe the hints set does not contain a good representative set of valid configs? Working around this by using the full hints set instead.
2026-03-04 09:26:51.269845: I external/local_xla/xla/service/gpu/autotuning/dot_search_space.cc:208] All configs were filtered out because none of them sufficiently match the hints. Maybe the hints set does not contain a good representative set of valid configs? Working around this by using the full hints set instead.
2026-03-04 09:26:51.747326: I external/local_xla/xla/stream_executor/cuda/subprocess_compilation.cc:346] ptxas warning : Registers are spilled to local memory in function 'gemm_fusion_dot_3', 424 bytes spill stores, 440 bytes spill loads

2026-03-04 09:26:51.869589: I external/local_xla/xla/stream_executor/cuda/subprocess_compilation.cc:346] ptxas warning : Registers are spilled to local memory in function 'gemm_fusion_dot_8', 304 bytes spill stores, 304 bytes spill loads

I0000 00:00:1772634415.361592 1143857 device_compiler.h:196] Compiled cluster using XLA!  This line is logged at most once for the lifetime of the process.
2026-03-04 09:26:58.721006: I external/local_xla/xla/service/gpu/autotuning/dot_search_space.cc:208] All configs were filtered out because none of them sufficiently match the hints. Maybe the hints set does not contain a good representative set of valid configs? Working around this by using the full hints set instead.
2026-03-04 09:26:58.721108: I external/local_xla/xla/service/gpu/autotuning/dot_search_space.cc:208] All configs were filtered out because none of them sufficiently match the hints. Maybe the hints set does not contain a good representative set of valid configs? Working around this by using the full hints set instead.
2026-03-04 09:26:59.232204: I external/local_xla/xla/stream_executor/cuda/subprocess_compilation.cc:346] ptxas warning : Registers are spilled to local memory in function 'gemm_fusion_dot_8', 12 bytes spill stores, 12 bytes spill loads

2026-03-04 09:26:59.303332: I external/local_xla/xla/stream_executor/cuda/subprocess_compilation.cc:346] ptxas warning : Registers are spilled to local memory in function 'gemm_fusion_dot_3', 176 bytes spill stores, 176 bytes spill loads

2026-03-04 09:26:59.637140: I external/local_xla/xla/stream_executor/cuda/subprocess_compilation.cc:346] ptxas warning : Registers are spilled to local memory in function 'gemm_fusion_dot_8', 312 bytes spill stores, 312 bytes spill loads

2026-03-04 09:27:04.717610: I external/local_xla/xla/service/gpu/autotuning/dot_search_space.cc:208] All configs were filtered out because none of them sufficiently match the hints. Maybe the hints set does not contain a good representative set of valid configs? Working around this by using the full hints set instead.
2026-03-04 09:27:04.717704: I external/local_xla/xla/service/gpu/autotuning/dot_search_space.cc:208] All configs were filtered out because none of them sufficiently match the hints. Maybe the hints set does not contain a good representative set of valid configs? Working around this by using the full hints set instead.
2026-03-04 09:27:05.238613: I external/local_xla/xla/stream_executor/cuda/subprocess_compilation.cc:346] ptxas warning : Registers are spilled to local memory in function 'gemm_fusion_dot_5', 8 bytes spill stores, 8 bytes spill loads

2026-03-04 09:27:05.473266: I external/local_xla/xla/stream_executor/cuda/subprocess_compilation.cc:346] ptxas warning : Registers are spilled to local memory in function 'gemm_fusion_dot_5', 360 bytes spill stores, 360 bytes spill loads

2026-03-04 09:43:23.963577: I external/local_xla/xla/service/gpu/autotuning/dot_search_space.cc:208] All configs were filtered out because none of them sufficiently match the hints. Maybe the hints set does not contain a good representative set of valid configs? Working around this by using the full hints set instead.
2026-03-04 09:43:24.416680: I external/local_xla/xla/stream_executor/cuda/subprocess_compilation.cc:346] ptxas warning : Registers are spilled to local memory in function 'gemm_fusion_dot_3', 424 bytes spill stores, 440 bytes spill loads

