Lmod has detected the following error: The following module(s) are unknown:
"mpi"

Please check the spelling or version number. Also try "module spider ..."
It is also possible your cache file is out-of-date; it may help to try:
  $ module --ignore_cache load "mpi"

Also make sure that all modulefiles written in TCL start with the string
#%Module



2026-03-04 09:29:29.014649: I tensorflow/core/platform/cpu_feature_guard.cc:210] This TensorFlow binary is optimized to use available CPU instructions in performance-critical operations.
To enable the following instructions: AVX2 FMA, in other operations, rebuild TensorFlow with the appropriate compiler flags.
WARNING: All log messages before absl::InitializeLog() is called are written to STDERR
I0000 00:00:1772634587.581621 1679962 gpu_device.cc:2020] Created device /job:localhost/replica:0/task:0/device:GPU:0 with 46714 MB memory:  -> device: 0, name: NVIDIA RTX A6000, pci bus id: 0000:41:00.0, compute capability: 8.6
2026-03-04 09:29:52.189452: I external/local_xla/xla/service/service.cc:163] XLA service 0x7fc23007fdf0 initialized for platform CUDA (this does not guarantee that XLA will be used). Devices:
2026-03-04 09:29:52.189491: I external/local_xla/xla/service/service.cc:171]   StreamExecutor device (0): NVIDIA RTX A6000, Compute Capability 8.6
2026-03-04 09:29:52.266368: I tensorflow/compiler/mlir/tensorflow/utils/dump_mlir_util.cc:269] disabling MLIR crash reproducer, set env var `MLIR_CRASH_REPRODUCER_DIRECTORY` to enable.
2026-03-04 09:29:52.804391: I external/local_xla/xla/stream_executor/cuda/cuda_dnn.cc:473] Loaded cuDNN version 91002
2026-03-04 09:29:52.914475: I external/local_xla/xla/service/gpu/autotuning/dot_search_space.cc:208] All configs were filtered out because none of them sufficiently match the hints. Maybe the hints set does not contain a good representative set of valid configs? Working around this by using the full hints set instead.
2026-03-04 09:29:52.914582: I external/local_xla/xla/service/gpu/autotuning/dot_search_space.cc:208] All configs were filtered out because none of them sufficiently match the hints. Maybe the hints set does not contain a good representative set of valid configs? Working around this by using the full hints set instead.
2026-03-04 09:29:53.808457: I external/local_xla/xla/stream_executor/cuda/subprocess_compilation.cc:346] ptxas warning : Registers are spilled to local memory in function 'gemm_fusion_dot_3', 424 bytes spill stores, 440 bytes spill loads

2026-03-04 09:29:53.919781: I external/local_xla/xla/stream_executor/cuda/subprocess_compilation.cc:346] ptxas warning : Registers are spilled to local memory in function 'gemm_fusion_dot_8', 304 bytes spill stores, 304 bytes spill loads

I0000 00:00:1772634598.433335 1680116 device_compiler.h:196] Compiled cluster using XLA!  This line is logged at most once for the lifetime of the process.
2026-03-04 09:30:01.082031: I external/local_xla/xla/service/gpu/autotuning/dot_search_space.cc:208] All configs were filtered out because none of them sufficiently match the hints. Maybe the hints set does not contain a good representative set of valid configs? Working around this by using the full hints set instead.
2026-03-04 09:30:01.082137: I external/local_xla/xla/service/gpu/autotuning/dot_search_space.cc:208] All configs were filtered out because none of them sufficiently match the hints. Maybe the hints set does not contain a good representative set of valid configs? Working around this by using the full hints set instead.
2026-03-04 09:30:01.717457: I external/local_xla/xla/stream_executor/cuda/subprocess_compilation.cc:346] ptxas warning : Registers are spilled to local memory in function 'gemm_fusion_dot_3', 176 bytes spill stores, 176 bytes spill loads

2026-03-04 09:30:01.936328: I external/local_xla/xla/stream_executor/cuda/subprocess_compilation.cc:346] ptxas warning : Registers are spilled to local memory in function 'gemm_fusion_dot_8', 12 bytes spill stores, 12 bytes spill loads

2026-03-04 09:30:01.985769: I external/local_xla/xla/stream_executor/cuda/subprocess_compilation.cc:346] ptxas warning : Registers are spilled to local memory in function 'gemm_fusion_dot_8', 312 bytes spill stores, 312 bytes spill loads

2026-03-04 09:48:40.249578: I external/local_xla/xla/service/gpu/autotuning/dot_search_space.cc:208] All configs were filtered out because none of them sufficiently match the hints. Maybe the hints set does not contain a good representative set of valid configs? Working around this by using the full hints set instead.
2026-03-04 09:48:40.768587: I external/local_xla/xla/stream_executor/cuda/subprocess_compilation.cc:346] ptxas warning : Registers are spilled to local memory in function 'gemm_fusion_dot_8', 20 bytes spill stores, 20 bytes spill loads

