2026-04-02 20:28:55.661844: I tensorflow/core/platform/cpu_feature_guard.cc:210] This TensorFlow binary is optimized to use available CPU instructions in performance-critical operations.
To enable the following instructions: AVX2 FMA, in other operations, rebuild TensorFlow with the appropriate compiler flags.
2026-04-02 20:29:12.339602: W tensorflow/core/common_runtime/gpu/gpu_bfc_allocator.cc:47] Overriding orig_value setting because the TF_FORCE_GPU_ALLOW_GROWTH environment variable is set. Original config value was 0.
WARNING: All log messages before absl::InitializeLog() is called are written to STDERR
I0000 00:00:1775176152.339640 3498636 gpu_process_state.cc:208] Using CUDA malloc Async allocator for GPU: 0
I0000 00:00:1775176152.341201 3498636 gpu_device.cc:2020] Created device /job:localhost/replica:0/task:0/device:GPU:0 with 43662 MB memory:  -> device: 0, name: NVIDIA RTX A6000, pci bus id: 0000:86:00.0, compute capability: 8.6
2026-04-02 20:29:16.694246: I external/local_xla/xla/service/service.cc:163] XLA service 0x7fd188004750 initialized for platform CUDA (this does not guarantee that XLA will be used). Devices:
2026-04-02 20:29:16.694287: I external/local_xla/xla/service/service.cc:171]   StreamExecutor device (0): NVIDIA RTX A6000, Compute Capability 8.6
2026-04-02 20:29:16.762699: I tensorflow/compiler/mlir/tensorflow/utils/dump_mlir_util.cc:269] disabling MLIR crash reproducer, set env var `MLIR_CRASH_REPRODUCER_DIRECTORY` to enable.
2026-04-02 20:29:17.248040: I external/local_xla/xla/stream_executor/cuda/cuda_dnn.cc:473] Loaded cuDNN version 91002
2026-04-02 20:29:17.334012: I external/local_xla/xla/service/gpu/autotuning/dot_search_space.cc:208] All configs were filtered out because none of them sufficiently match the hints. Maybe the hints set does not contain a good representative set of valid configs? Working around this by using the full hints set instead.
2026-04-02 20:29:17.334056: I external/local_xla/xla/service/gpu/autotuning/dot_search_space.cc:208] All configs were filtered out because none of them sufficiently match the hints. Maybe the hints set does not contain a good representative set of valid configs? Working around this by using the full hints set instead.
2026-04-02 20:29:17.334070: I external/local_xla/xla/service/gpu/autotuning/dot_search_space.cc:208] All configs were filtered out because none of them sufficiently match the hints. Maybe the hints set does not contain a good representative set of valid configs? Working around this by using the full hints set instead.
2026-04-02 20:29:17.334090: I external/local_xla/xla/service/gpu/autotuning/dot_search_space.cc:208] All configs were filtered out because none of them sufficiently match the hints. Maybe the hints set does not contain a good representative set of valid configs? Working around this by using the full hints set instead.
2026-04-02 20:29:19.662251: I external/local_xla/xla/stream_executor/cuda/subprocess_compilation.cc:346] ptxas warning : Registers are spilled to local memory in function 'gemm_fusion_dot_5', 104 bytes spill stores, 104 bytes spill loads

2026-04-02 20:29:21.069329: I external/local_xla/xla/stream_executor/cuda/subprocess_compilation.cc:346] ptxas warning : Registers are spilled to local memory in function 'gemm_fusion_dot_9', 124 bytes spill stores, 124 bytes spill loads

2026-04-02 20:29:21.789647: I external/local_xla/xla/stream_executor/cuda/subprocess_compilation.cc:346] ptxas warning : Registers are spilled to local memory in function 'gemm_fusion_dot_8', 304 bytes spill stores, 304 bytes spill loads

I0000 00:00:1775176166.558905 3498678 device_compiler.h:196] Compiled cluster using XLA!  This line is logged at most once for the lifetime of the process.
2026-04-02 20:29:28.154483: I external/local_xla/xla/service/gpu/autotuning/dot_search_space.cc:208] All configs were filtered out because none of them sufficiently match the hints. Maybe the hints set does not contain a good representative set of valid configs? Working around this by using the full hints set instead.
2026-04-02 20:29:28.154537: I external/local_xla/xla/service/gpu/autotuning/dot_search_space.cc:208] All configs were filtered out because none of them sufficiently match the hints. Maybe the hints set does not contain a good representative set of valid configs? Working around this by using the full hints set instead.
2026-04-02 20:29:28.154565: I external/local_xla/xla/service/gpu/autotuning/dot_search_space.cc:208] All configs were filtered out because none of them sufficiently match the hints. Maybe the hints set does not contain a good representative set of valid configs? Working around this by using the full hints set instead.
2026-04-02 20:29:28.154577: I external/local_xla/xla/service/gpu/autotuning/dot_search_space.cc:208] All configs were filtered out because none of them sufficiently match the hints. Maybe the hints set does not contain a good representative set of valid configs? Working around this by using the full hints set instead.
2026-04-02 20:29:28.154594: I external/local_xla/xla/service/gpu/autotuning/dot_search_space.cc:208] All configs were filtered out because none of them sufficiently match the hints. Maybe the hints set does not contain a good representative set of valid configs? Working around this by using the full hints set instead.
2026-04-02 20:29:28.154617: I external/local_xla/xla/service/gpu/autotuning/dot_search_space.cc:208] All configs were filtered out because none of them sufficiently match the hints. Maybe the hints set does not contain a good representative set of valid configs? Working around this by using the full hints set instead.
2026-04-02 20:29:29.288346: I external/local_xla/xla/stream_executor/cuda/subprocess_compilation.cc:346] ptxas warning : Registers are spilled to local memory in function 'gemm_fusion_dot_3', 360 bytes spill stores, 360 bytes spill loads

2026-04-02 20:29:29.826266: I external/local_xla/xla/stream_executor/cuda/subprocess_compilation.cc:346] ptxas warning : Registers are spilled to local memory in function 'gemm_fusion_dot_3', 8 bytes spill stores, 8 bytes spill loads

2026-04-02 20:29:30.195372: I external/local_xla/xla/stream_executor/cuda/subprocess_compilation.cc:346] ptxas warning : Registers are spilled to local memory in function 'gemm_fusion_dot_4', 4 bytes spill stores, 4 bytes spill loads

2026-04-02 20:29:30.702241: I external/local_xla/xla/stream_executor/cuda/subprocess_compilation.cc:346] ptxas warning : Registers are spilled to local memory in function 'gemm_fusion_dot_4', 16 bytes spill stores, 16 bytes spill loads

2026-04-02 20:29:32.683013: I external/local_xla/xla/stream_executor/cuda/subprocess_compilation.cc:346] ptxas warning : Registers are spilled to local memory in function 'gemm_fusion_dot_5', 8 bytes spill stores, 8 bytes spill loads

2026-04-02 20:29:33.244983: I external/local_xla/xla/stream_executor/cuda/subprocess_compilation.cc:346] ptxas warning : Registers are spilled to local memory in function 'gemm_fusion_dot_8', 12 bytes spill stores, 12 bytes spill loads

2026-04-02 20:29:33.340359: I external/local_xla/xla/stream_executor/cuda/subprocess_compilation.cc:346] ptxas warning : Registers are spilled to local memory in function 'gemm_fusion_dot_5', 360 bytes spill stores, 360 bytes spill loads

2026-04-02 20:29:33.851063: I external/local_xla/xla/stream_executor/cuda/subprocess_compilation.cc:346] ptxas warning : Registers are spilled to local memory in function 'gemm_fusion_dot_8', 312 bytes spill stores, 312 bytes spill loads

2026-04-02 20:29:33.851140: I external/local_xla/xla/stream_executor/cuda/subprocess_compilation.cc:346] ptxas warning : Registers are spilled to local memory in function 'gemm_fusion_dot_11', 580 bytes spill stores, 580 bytes spill loads

2026-04-02 20:29:33.922309: I external/local_xla/xla/stream_executor/cuda/subprocess_compilation.cc:346] ptxas warning : Registers are spilled to local memory in function 'gemm_fusion_dot_9', 580 bytes spill stores, 580 bytes spill loads

2026-04-02 20:29:35.039852: I external/local_xla/xla/stream_executor/cuda/subprocess_compilation.cc:346] ptxas warning : Registers are spilled to local memory in function 'gemm_fusion_dot_9', 16 bytes spill stores, 16 bytes spill loads

2026-04-02 20:29:35.581481: I external/local_xla/xla/stream_executor/cuda/subprocess_compilation.cc:346] ptxas warning : Registers are spilled to local memory in function 'gemm_fusion_dot_11', 8 bytes spill stores, 8 bytes spill loads

2026-04-02 20:29:40.214967: I external/local_xla/xla/service/gpu/autotuning/dot_search_space.cc:208] All configs were filtered out because none of them sufficiently match the hints. Maybe the hints set does not contain a good representative set of valid configs? Working around this by using the full hints set instead.
2026-04-02 20:29:40.215027: I external/local_xla/xla/service/gpu/autotuning/dot_search_space.cc:208] All configs were filtered out because none of them sufficiently match the hints. Maybe the hints set does not contain a good representative set of valid configs? Working around this by using the full hints set instead.
2026-04-02 20:29:40.215039: I external/local_xla/xla/service/gpu/autotuning/dot_search_space.cc:208] All configs were filtered out because none of them sufficiently match the hints. Maybe the hints set does not contain a good representative set of valid configs? Working around this by using the full hints set instead.
2026-04-02 20:29:40.785520: I external/local_xla/xla/stream_executor/cuda/subprocess_compilation.cc:346] ptxas warning : Registers are spilled to local memory in function 'gemm_fusion_dot_4', 4 bytes spill stores, 4 bytes spill loads

2026-04-02 20:29:41.153385: I external/local_xla/xla/stream_executor/cuda/subprocess_compilation.cc:346] ptxas warning : Registers are spilled to local memory in function 'gemm_fusion_dot_3', 360 bytes spill stores, 360 bytes spill loads

2026-04-02 20:29:41.940485: I external/local_xla/xla/stream_executor/cuda/subprocess_compilation.cc:346] ptxas warning : Registers are spilled to local memory in function 'gemm_fusion_dot_4', 16 bytes spill stores, 16 bytes spill loads

2026-04-02 20:29:42.457116: I external/local_xla/xla/stream_executor/cuda/subprocess_compilation.cc:346] ptxas warning : Registers are spilled to local memory in function 'gemm_fusion_dot_3', 8 bytes spill stores, 8 bytes spill loads

2026-04-02 20:29:43.217497: I external/local_xla/xla/stream_executor/cuda/subprocess_compilation.cc:346] ptxas warning : Registers are spilled to local memory in function 'gemm_fusion_dot_5', 360 bytes spill stores, 360 bytes spill loads

2026-04-02 20:29:43.608453: I external/local_xla/xla/stream_executor/cuda/subprocess_compilation.cc:346] ptxas warning : Registers are spilled to local memory in function 'gemm_fusion_dot_5', 8 bytes spill stores, 8 bytes spill loads

2026-04-02 20:37:50.076425: I external/local_xla/xla/service/gpu/autotuning/dot_search_space.cc:208] All configs were filtered out because none of them sufficiently match the hints. Maybe the hints set does not contain a good representative set of valid configs? Working around this by using the full hints set instead.
2026-04-02 20:37:50.076801: I external/local_xla/xla/service/gpu/autotuning/dot_search_space.cc:208] All configs were filtered out because none of them sufficiently match the hints. Maybe the hints set does not contain a good representative set of valid configs? Working around this by using the full hints set instead.
2026-04-02 20:37:50.076816: I external/local_xla/xla/service/gpu/autotuning/dot_search_space.cc:208] All configs were filtered out because none of them sufficiently match the hints. Maybe the hints set does not contain a good representative set of valid configs? Working around this by using the full hints set instead.
2026-04-02 20:37:52.973555: I external/local_xla/xla/stream_executor/cuda/subprocess_compilation.cc:346] ptxas warning : Registers are spilled to local memory in function 'gemm_fusion_dot_5', 104 bytes spill stores, 104 bytes spill loads

2026-04-02 20:37:53.309162: I external/local_xla/xla/stream_executor/cuda/subprocess_compilation.cc:346] ptxas warning : Registers are spilled to local memory in function 'gemm_fusion_dot_3', 104 bytes spill stores, 104 bytes spill loads

2026-04-02 20:37:57.128129: I tensorflow/core/platform/cpu_feature_guard.cc:210] This TensorFlow binary is optimized to use available CPU instructions in performance-critical operations.
To enable the following instructions: AVX2 FMA, in other operations, rebuild TensorFlow with the appropriate compiler flags.
WARNING: All log messages before absl::InitializeLog() is called are written to STDERR
I0000 00:00:1775176699.197186 3509527 gpu_process_state.cc:208] Using CUDA malloc Async allocator for GPU: 0
I0000 00:00:1775176699.198567 3509527 gpu_device.cc:2020] Created device /job:localhost/replica:0/task:0/device:GPU:0 with 43658 MB memory:  -> device: 0, name: NVIDIA RTX A6000, pci bus id: 0000:86:00.0, compute capability: 8.6
/oscar/home/kberard/DL_env/TF_GPU.venv/lib64/python3.9/site-packages/ipie/walkers/pop_controller.py:175: ComplexWarning: Casting complex values to real discards the imaginary part
  walkers.__dict__[d][iw] = xp.array(
/oscar/home/kberard/DL_env/TF_GPU.venv/lib64/python3.9/site-packages/ipie/walkers/pop_controller.py:175: ComplexWarning: Casting complex values to real discards the imaginary part
  walkers.__dict__[d][iw] = xp.array(
/oscar/home/kberard/DL_env/TF_GPU.venv/lib64/python3.9/site-packages/ipie/walkers/pop_controller.py:175: ComplexWarning: Casting complex values to real discards the imaginary part
  walkers.__dict__[d][iw] = xp.array(
/oscar/home/kberard/DL_env/TF_GPU.venv/lib64/python3.9/site-packages/ipie/walkers/pop_controller.py:175: ComplexWarning: Casting complex values to real discards the imaginary part
  walkers.__dict__[d][iw] = xp.array(
/oscar/home/kberard/DL_env/TF_GPU.venv/lib64/python3.9/site-packages/ipie/walkers/pop_controller.py:175: ComplexWarning: Casting complex values to real discards the imaginary part
  walkers.__dict__[d][iw] = xp.array(
/oscar/home/kberard/DL_env/TF_GPU.venv/lib64/python3.9/site-packages/ipie/walkers/pop_controller.py:175: ComplexWarning: Casting complex values to real discards the imaginary part
  walkers.__dict__[d][iw] = xp.array(
/oscar/home/kberard/DL_env/TF_GPU.venv/lib64/python3.9/site-packages/ipie/walkers/pop_controller.py:175: ComplexWarning: Casting complex values to real discards the imaginary part
  walkers.__dict__[d][iw] = xp.array(
/oscar/home/kberard/DL_env/TF_GPU.venv/lib64/python3.9/site-packages/ipie/walkers/pop_controller.py:175: ComplexWarning: Casting complex values to real discards the imaginary part
  walkers.__dict__[d][iw] = xp.array(
/oscar/home/kberard/DL_env/TF_GPU.venv/lib64/python3.9/site-packages/ipie/walkers/pop_controller.py:175: ComplexWarning: Casting complex values to real discards the imaginary part
  walkers.__dict__[d][iw] = xp.array(
/oscar/home/kberard/DL_env/TF_GPU.venv/lib64/python3.9/site-packages/ipie/walkers/pop_controller.py:175: ComplexWarning: Casting complex values to real discards the imaginary part
  walkers.__dict__[d][iw] = xp.array(
/oscar/home/kberard/DL_env/TF_GPU.venv/lib64/python3.9/site-packages/ipie/walkers/pop_controller.py:175: ComplexWarning: Casting complex values to real discards the imaginary part
  walkers.__dict__[d][iw] = xp.array(
/oscar/home/kberard/DL_env/TF_GPU.venv/lib64/python3.9/site-packages/ipie/walkers/pop_controller.py:175: ComplexWarning: Casting complex values to real discards the imaginary part
  walkers.__dict__[d][iw] = xp.array(
/oscar/home/kberard/DL_env/TF_GPU.venv/lib64/python3.9/site-packages/ipie/walkers/pop_controller.py:175: ComplexWarning: Casting complex values to real discards the imaginary part
  walkers.__dict__[d][iw] = xp.array(
/oscar/home/kberard/DL_env/TF_GPU.venv/lib64/python3.9/site-packages/ipie/walkers/pop_controller.py:175: ComplexWarning: Casting complex values to real discards the imaginary part
  walkers.__dict__[d][iw] = xp.array(
/oscar/home/kberard/DL_env/TF_GPU.venv/lib64/python3.9/site-packages/ipie/walkers/pop_controller.py:175: ComplexWarning: Casting complex values to real discards the imaginary part
  walkers.__dict__[d][iw] = xp.array(
/oscar/home/kberard/DL_env/TF_GPU.venv/lib64/python3.9/site-packages/ipie/walkers/pop_controller.py:175: ComplexWarning: Casting complex values to real discards the imaginary part
  walkers.__dict__[d][iw] = xp.array(
/oscar/home/kberard/DL_env/TF_GPU.venv/lib64/python3.9/site-packages/ipie/walkers/pop_controller.py:175: ComplexWarning: Casting complex values to real discards the imaginary part
  walkers.__dict__[d][iw] = xp.array(
/oscar/home/kberard/DL_env/TF_GPU.venv/lib64/python3.9/site-packages/ipie/walkers/pop_controller.py:175: ComplexWarning: Casting complex values to real discards the imaginary part
  walkers.__dict__[d][iw] = xp.array(
/oscar/home/kberard/DL_env/TF_GPU.venv/lib64/python3.9/site-packages/ipie/walkers/pop_controller.py:175: ComplexWarning: Casting complex values to real discards the imaginary part
  walkers.__dict__[d][iw] = xp.array(
/oscar/home/kberard/DL_env/TF_GPU.venv/lib64/python3.9/site-packages/ipie/walkers/pop_controller.py:175: ComplexWarning: Casting complex values to real discards the imaginary part
  walkers.__dict__[d][iw] = xp.array(
/oscar/home/kberard/DL_env/TF_GPU.venv/lib64/python3.9/site-packages/ipie/walkers/pop_controller.py:175: ComplexWarning: Casting complex values to real discards the imaginary part
  walkers.__dict__[d][iw] = xp.array(
/oscar/home/kberard/DL_env/TF_GPU.venv/lib64/python3.9/site-packages/ipie/walkers/pop_controller.py:175: ComplexWarning: Casting complex values to real discards the imaginary part
  walkers.__dict__[d][iw] = xp.array(
/oscar/home/kberard/DL_env/TF_GPU.venv/lib64/python3.9/site-packages/ipie/walkers/pop_controller.py:175: ComplexWarning: Casting complex values to real discards the imaginary part
  walkers.__dict__[d][iw] = xp.array(
/oscar/home/kberard/DL_env/TF_GPU.venv/lib64/python3.9/site-packages/ipie/walkers/pop_controller.py:175: ComplexWarning: Casting complex values to real discards the imaginary part
  walkers.__dict__[d][iw] = xp.array(
/oscar/home/kberard/DL_env/TF_GPU.venv/lib64/python3.9/site-packages/ipie/walkers/pop_controller.py:175: ComplexWarning: Casting complex values to real discards the imaginary part
  walkers.__dict__[d][iw] = xp.array(
/oscar/home/kberard/DL_env/TF_GPU.venv/lib64/python3.9/site-packages/ipie/walkers/pop_controller.py:175: ComplexWarning: Casting complex values to real discards the imaginary part
  walkers.__dict__[d][iw] = xp.array(
/oscar/home/kberard/DL_env/TF_GPU.venv/lib64/python3.9/site-packages/ipie/walkers/pop_controller.py:175: ComplexWarning: Casting complex values to real discards the imaginary part
  walkers.__dict__[d][iw] = xp.array(
/oscar/home/kberard/DL_env/TF_GPU.venv/lib64/python3.9/site-packages/ipie/walkers/pop_controller.py:175: ComplexWarning: Casting complex values to real discards the imaginary part
  walkers.__dict__[d][iw] = xp.array(
/oscar/home/kberard/DL_env/TF_GPU.venv/lib64/python3.9/site-packages/ipie/walkers/pop_controller.py:175: ComplexWarning: Casting complex values to real discards the imaginary part
  walkers.__dict__[d][iw] = xp.array(
/oscar/home/kberard/DL_env/TF_GPU.venv/lib64/python3.9/site-packages/ipie/walkers/pop_controller.py:175: ComplexWarning: Casting complex values to real discards the imaginary part
  walkers.__dict__[d][iw] = xp.array(
/oscar/home/kberard/DL_env/TF_GPU.venv/lib64/python3.9/site-packages/ipie/walkers/pop_controller.py:175: ComplexWarning: Casting complex values to real discards the imaginary part
  walkers.__dict__[d][iw] = xp.array(
/oscar/home/kberard/DL_env/TF_GPU.venv/lib64/python3.9/site-packages/ipie/walkers/pop_controller.py:175: ComplexWarning: Casting complex values to real discards the imaginary part
  walkers.__dict__[d][iw] = xp.array(
/oscar/home/kberard/DL_env/TF_GPU.venv/lib64/python3.9/site-packages/ipie/walkers/pop_controller.py:175: ComplexWarning: Casting complex values to real discards the imaginary part
  walkers.__dict__[d][iw] = xp.array(
/oscar/home/kberard/DL_env/TF_GPU.venv/lib64/python3.9/site-packages/ipie/walkers/pop_controller.py:175: ComplexWarning: Casting complex values to real discards the imaginary part
  walkers.__dict__[d][iw] = xp.array(
/oscar/home/kberard/DL_env/TF_GPU.venv/lib64/python3.9/site-packages/ipie/walkers/pop_controller.py:175: ComplexWarning: Casting complex values to real discards the imaginary part
  walkers.__dict__[d][iw] = xp.array(
/oscar/home/kberard/DL_env/TF_GPU.venv/lib64/python3.9/site-packages/ipie/walkers/pop_controller.py:175: ComplexWarning: Casting complex values to real discards the imaginary part
  walkers.__dict__[d][iw] = xp.array(
/oscar/home/kberard/DL_env/TF_GPU.venv/lib64/python3.9/site-packages/ipie/walkers/pop_controller.py:175: ComplexWarning: Casting complex values to real discards the imaginary part
  walkers.__dict__[d][iw] = xp.array(
/oscar/home/kberard/DL_env/TF_GPU.venv/lib64/python3.9/site-packages/ipie/walkers/pop_controller.py:175: ComplexWarning: Casting complex values to real discards the imaginary part
  walkers.__dict__[d][iw] = xp.array(
/oscar/home/kberard/DL_env/TF_GPU.venv/lib64/python3.9/site-packages/ipie/walkers/pop_controller.py:175: ComplexWarning: Casting complex values to real discards the imaginary part
  walkers.__dict__[d][iw] = xp.array(
/oscar/home/kberard/DL_env/TF_GPU.venv/lib64/python3.9/site-packages/ipie/walkers/pop_controller.py:175: ComplexWarning: Casting complex values to real discards the imaginary part
  walkers.__dict__[d][iw] = xp.array(
/oscar/home/kberard/DL_env/TF_GPU.venv/lib64/python3.9/site-packages/ipie/walkers/pop_controller.py:175: ComplexWarning: Casting complex values to real discards the imaginary part
  walkers.__dict__[d][iw] = xp.array(
/oscar/home/kberard/DL_env/TF_GPU.venv/lib64/python3.9/site-packages/ipie/walkers/pop_controller.py:175: ComplexWarning: Casting complex values to real discards the imaginary part
  walkers.__dict__[d][iw] = xp.array(
/oscar/home/kberard/DL_env/TF_GPU.venv/lib64/python3.9/site-packages/ipie/walkers/pop_controller.py:175: ComplexWarning: Casting complex values to real discards the imaginary part
  walkers.__dict__[d][iw] = xp.array(
/oscar/home/kberard/DL_env/TF_GPU.venv/lib64/python3.9/site-packages/ipie/walkers/pop_controller.py:175: ComplexWarning: Casting complex values to real discards the imaginary part
  walkers.__dict__[d][iw] = xp.array(
/oscar/home/kberard/DL_env/TF_GPU.venv/lib64/python3.9/site-packages/ipie/walkers/pop_controller.py:175: ComplexWarning: Casting complex values to real discards the imaginary part
  walkers.__dict__[d][iw] = xp.array(
/oscar/home/kberard/DL_env/TF_GPU.venv/lib64/python3.9/site-packages/ipie/walkers/pop_controller.py:175: ComplexWarning: Casting complex values to real discards the imaginary part
  walkers.__dict__[d][iw] = xp.array(
/oscar/home/kberard/DL_env/TF_GPU.venv/lib64/python3.9/site-packages/ipie/walkers/pop_controller.py:175: ComplexWarning: Casting complex values to real discards the imaginary part
  walkers.__dict__[d][iw] = xp.array(
/oscar/home/kberard/DL_env/TF_GPU.venv/lib64/python3.9/site-packages/ipie/walkers/pop_controller.py:175: ComplexWarning: Casting complex values to real discards the imaginary part
  walkers.__dict__[d][iw] = xp.array(
/oscar/home/kberard/DL_env/TF_GPU.venv/lib64/python3.9/site-packages/ipie/walkers/pop_controller.py:175: ComplexWarning: Casting complex values to real discards the imaginary part
  walkers.__dict__[d][iw] = xp.array(
/oscar/home/kberard/DL_env/TF_GPU.venv/lib64/python3.9/site-packages/ipie/walkers/pop_controller.py:175: ComplexWarning: Casting complex values to real discards the imaginary part
  walkers.__dict__[d][iw] = xp.array(
/oscar/home/kberard/DL_env/TF_GPU.venv/lib64/python3.9/site-packages/ipie/walkers/pop_controller.py:175: ComplexWarning: Casting complex values to real discards the imaginary part
  walkers.__dict__[d][iw] = xp.array(
/oscar/home/kberard/DL_env/TF_GPU.venv/lib64/python3.9/site-packages/ipie/walkers/pop_controller.py:175: ComplexWarning: Casting complex values to real discards the imaginary part
  walkers.__dict__[d][iw] = xp.array(
/oscar/home/kberard/DL_env/TF_GPU.venv/lib64/python3.9/site-packages/ipie/walkers/pop_controller.py:175: ComplexWarning: Casting complex values to real discards the imaginary part
  walkers.__dict__[d][iw] = xp.array(
/oscar/home/kberard/DL_env/TF_GPU.venv/lib64/python3.9/site-packages/ipie/walkers/pop_controller.py:175: ComplexWarning: Casting complex values to real discards the imaginary part
  walkers.__dict__[d][iw] = xp.array(
/oscar/home/kberard/DL_env/TF_GPU.venv/lib64/python3.9/site-packages/ipie/walkers/pop_controller.py:175: ComplexWarning: Casting complex values to real discards the imaginary part
  walkers.__dict__[d][iw] = xp.array(
/oscar/home/kberard/DL_env/TF_GPU.venv/lib64/python3.9/site-packages/ipie/walkers/pop_controller.py:175: ComplexWarning: Casting complex values to real discards the imaginary part
  walkers.__dict__[d][iw] = xp.array(
/oscar/home/kberard/DL_env/TF_GPU.venv/lib64/python3.9/site-packages/ipie/walkers/pop_controller.py:175: ComplexWarning: Casting complex values to real discards the imaginary part
  walkers.__dict__[d][iw] = xp.array(
/oscar/home/kberard/DL_env/TF_GPU.venv/lib64/python3.9/site-packages/ipie/walkers/pop_controller.py:175: ComplexWarning: Casting complex values to real discards the imaginary part
  walkers.__dict__[d][iw] = xp.array(
/oscar/home/kberard/DL_env/TF_GPU.venv/lib64/python3.9/site-packages/ipie/walkers/pop_controller.py:175: ComplexWarning: Casting complex values to real discards the imaginary part
  walkers.__dict__[d][iw] = xp.array(
/oscar/home/kberard/DL_env/TF_GPU.venv/lib64/python3.9/site-packages/ipie/walkers/pop_controller.py:175: ComplexWarning: Casting complex values to real discards the imaginary part
  walkers.__dict__[d][iw] = xp.array(
/oscar/home/kberard/DL_env/TF_GPU.venv/lib64/python3.9/site-packages/ipie/walkers/pop_controller.py:175: ComplexWarning: Casting complex values to real discards the imaginary part
  walkers.__dict__[d][iw] = xp.array(
/oscar/home/kberard/DL_env/TF_GPU.venv/lib64/python3.9/site-packages/ipie/walkers/pop_controller.py:175: ComplexWarning: Casting complex values to real discards the imaginary part
  walkers.__dict__[d][iw] = xp.array(
/oscar/home/kberard/DL_env/TF_GPU.venv/lib64/python3.9/site-packages/ipie/walkers/pop_controller.py:175: ComplexWarning: Casting complex values to real discards the imaginary part
  walkers.__dict__[d][iw] = xp.array(
/oscar/home/kberard/DL_env/TF_GPU.venv/lib64/python3.9/site-packages/ipie/walkers/pop_controller.py:175: ComplexWarning: Casting complex values to real discards the imaginary part
  walkers.__dict__[d][iw] = xp.array(
/oscar/home/kberard/DL_env/TF_GPU.venv/lib64/python3.9/site-packages/ipie/walkers/pop_controller.py:175: ComplexWarning: Casting complex values to real discards the imaginary part
  walkers.__dict__[d][iw] = xp.array(
/oscar/home/kberard/DL_env/TF_GPU.venv/lib64/python3.9/site-packages/ipie/walkers/pop_controller.py:175: ComplexWarning: Casting complex values to real discards the imaginary part
  walkers.__dict__[d][iw] = xp.array(
/oscar/home/kberard/DL_env/TF_GPU.venv/lib64/python3.9/site-packages/ipie/walkers/pop_controller.py:175: ComplexWarning: Casting complex values to real discards the imaginary part
  walkers.__dict__[d][iw] = xp.array(
/oscar/home/kberard/DL_env/TF_GPU.venv/lib64/python3.9/site-packages/ipie/walkers/pop_controller.py:175: ComplexWarning: Casting complex values to real discards the imaginary part
  walkers.__dict__[d][iw] = xp.array(
/oscar/home/kberard/DL_env/TF_GPU.venv/lib64/python3.9/site-packages/ipie/walkers/pop_controller.py:175: ComplexWarning: Casting complex values to real discards the imaginary part
  walkers.__dict__[d][iw] = xp.array(
/oscar/home/kberard/DL_env/TF_GPU.venv/lib64/python3.9/site-packages/ipie/walkers/pop_controller.py:175: ComplexWarning: Casting complex values to real discards the imaginary part
  walkers.__dict__[d][iw] = xp.array(
/oscar/home/kberard/DL_env/TF_GPU.venv/lib64/python3.9/site-packages/ipie/walkers/pop_controller.py:175: ComplexWarning: Casting complex values to real discards the imaginary part
  walkers.__dict__[d][iw] = xp.array(
/oscar/home/kberard/DL_env/TF_GPU.venv/lib64/python3.9/site-packages/ipie/walkers/pop_controller.py:175: ComplexWarning: Casting complex values to real discards the imaginary part
  walkers.__dict__[d][iw] = xp.array(
/oscar/home/kberard/DL_env/TF_GPU.venv/lib64/python3.9/site-packages/ipie/walkers/pop_controller.py:175: ComplexWarning: Casting complex values to real discards the imaginary part
  walkers.__dict__[d][iw] = xp.array(
/oscar/home/kberard/DL_env/TF_GPU.venv/lib64/python3.9/site-packages/ipie/walkers/pop_controller.py:175: ComplexWarning: Casting complex values to real discards the imaginary part
  walkers.__dict__[d][iw] = xp.array(
/oscar/home/kberard/DL_env/TF_GPU.venv/lib64/python3.9/site-packages/ipie/walkers/pop_controller.py:175: ComplexWarning: Casting complex values to real discards the imaginary part
  walkers.__dict__[d][iw] = xp.array(
/oscar/home/kberard/DL_env/TF_GPU.venv/lib64/python3.9/site-packages/ipie/walkers/pop_controller.py:175: ComplexWarning: Casting complex values to real discards the imaginary part
  walkers.__dict__[d][iw] = xp.array(
/oscar/home/kberard/DL_env/TF_GPU.venv/lib64/python3.9/site-packages/ipie/walkers/pop_controller.py:175: ComplexWarning: Casting complex values to real discards the imaginary part
  walkers.__dict__[d][iw] = xp.array(
/oscar/home/kberard/DL_env/TF_GPU.venv/lib64/python3.9/site-packages/ipie/walkers/pop_controller.py:175: ComplexWarning: Casting complex values to real discards the imaginary part
  walkers.__dict__[d][iw] = xp.array(
/oscar/home/kberard/DL_env/TF_GPU.venv/lib64/python3.9/site-packages/ipie/walkers/pop_controller.py:175: ComplexWarning: Casting complex values to real discards the imaginary part
  walkers.__dict__[d][iw] = xp.array(
/oscar/home/kberard/DL_env/TF_GPU.venv/lib64/python3.9/site-packages/ipie/walkers/pop_controller.py:175: ComplexWarning: Casting complex values to real discards the imaginary part
  walkers.__dict__[d][iw] = xp.array(
/oscar/home/kberard/DL_env/TF_GPU.venv/lib64/python3.9/site-packages/ipie/walkers/pop_controller.py:175: ComplexWarning: Casting complex values to real discards the imaginary part
  walkers.__dict__[d][iw] = xp.array(
/oscar/home/kberard/DL_env/TF_GPU.venv/lib64/python3.9/site-packages/ipie/walkers/pop_controller.py:175: ComplexWarning: Casting complex values to real discards the imaginary part
  walkers.__dict__[d][iw] = xp.array(
/oscar/home/kberard/DL_env/TF_GPU.venv/lib64/python3.9/site-packages/ipie/walkers/pop_controller.py:175: ComplexWarning: Casting complex values to real discards the imaginary part
  walkers.__dict__[d][iw] = xp.array(
/oscar/home/kberard/DL_env/TF_GPU.venv/lib64/python3.9/site-packages/ipie/walkers/pop_controller.py:175: ComplexWarning: Casting complex values to real discards the imaginary part
  walkers.__dict__[d][iw] = xp.array(
/oscar/home/kberard/DL_env/TF_GPU.venv/lib64/python3.9/site-packages/ipie/walkers/pop_controller.py:175: ComplexWarning: Casting complex values to real discards the imaginary part
  walkers.__dict__[d][iw] = xp.array(
/oscar/home/kberard/DL_env/TF_GPU.venv/lib64/python3.9/site-packages/ipie/walkers/pop_controller.py:175: ComplexWarning: Casting complex values to real discards the imaginary part
  walkers.__dict__[d][iw] = xp.array(
/oscar/home/kberard/DL_env/TF_GPU.venv/lib64/python3.9/site-packages/ipie/walkers/pop_controller.py:175: ComplexWarning: Casting complex values to real discards the imaginary part
  walkers.__dict__[d][iw] = xp.array(
/oscar/home/kberard/DL_env/TF_GPU.venv/lib64/python3.9/site-packages/ipie/walkers/pop_controller.py:175: ComplexWarning: Casting complex values to real discards the imaginary part
  walkers.__dict__[d][iw] = xp.array(
/oscar/home/kberard/DL_env/TF_GPU.venv/lib64/python3.9/site-packages/ipie/walkers/pop_controller.py:175: ComplexWarning: Casting complex values to real discards the imaginary part
  walkers.__dict__[d][iw] = xp.array(
/oscar/home/kberard/DL_env/TF_GPU.venv/lib64/python3.9/site-packages/ipie/walkers/pop_controller.py:175: ComplexWarning: Casting complex values to real discards the imaginary part
  walkers.__dict__[d][iw] = xp.array(
/oscar/home/kberard/DL_env/TF_GPU.venv/lib64/python3.9/site-packages/ipie/walkers/pop_controller.py:175: ComplexWarning: Casting complex values to real discards the imaginary part
  walkers.__dict__[d][iw] = xp.array(
/oscar/home/kberard/DL_env/TF_GPU.venv/lib64/python3.9/site-packages/ipie/walkers/pop_controller.py:175: ComplexWarning: Casting complex values to real discards the imaginary part
  walkers.__dict__[d][iw] = xp.array(
/oscar/home/kberard/DL_env/TF_GPU.venv/lib64/python3.9/site-packages/ipie/walkers/pop_controller.py:175: ComplexWarning: Casting complex values to real discards the imaginary part
  walkers.__dict__[d][iw] = xp.array(
/oscar/home/kberard/DL_env/TF_GPU.venv/lib64/python3.9/site-packages/ipie/walkers/pop_controller.py:175: ComplexWarning: Casting complex values to real discards the imaginary part
  walkers.__dict__[d][iw] = xp.array(
/oscar/home/kberard/DL_env/TF_GPU.venv/lib64/python3.9/site-packages/ipie/walkers/pop_controller.py:175: ComplexWarning: Casting complex values to real discards the imaginary part
  walkers.__dict__[d][iw] = xp.array(
/oscar/home/kberard/DL_env/TF_GPU.venv/lib64/python3.9/site-packages/ipie/walkers/pop_controller.py:175: ComplexWarning: Casting complex values to real discards the imaginary part
  walkers.__dict__[d][iw] = xp.array(
/oscar/home/kberard/DL_env/TF_GPU.venv/lib64/python3.9/site-packages/ipie/walkers/pop_controller.py:175: ComplexWarning: Casting complex values to real discards the imaginary part
  walkers.__dict__[d][iw] = xp.array(
/oscar/home/kberard/DL_env/TF_GPU.venv/lib64/python3.9/site-packages/ipie/walkers/pop_controller.py:175: ComplexWarning: Casting complex values to real discards the imaginary part
  walkers.__dict__[d][iw] = xp.array(
/oscar/home/kberard/DL_env/TF_GPU.venv/lib64/python3.9/site-packages/ipie/walkers/pop_controller.py:175: ComplexWarning: Casting complex values to real discards the imaginary part
  walkers.__dict__[d][iw] = xp.array(
/oscar/home/kberard/DL_env/TF_GPU.venv/lib64/python3.9/site-packages/ipie/walkers/pop_controller.py:175: ComplexWarning: Casting complex values to real discards the imaginary part
  walkers.__dict__[d][iw] = xp.array(
/oscar/home/kberard/DL_env/TF_GPU.venv/lib64/python3.9/site-packages/ipie/walkers/pop_controller.py:175: ComplexWarning: Casting complex values to real discards the imaginary part
  walkers.__dict__[d][iw] = xp.array(
/oscar/home/kberard/DL_env/TF_GPU.venv/lib64/python3.9/site-packages/ipie/walkers/pop_controller.py:175: ComplexWarning: Casting complex values to real discards the imaginary part
  walkers.__dict__[d][iw] = xp.array(
/oscar/home/kberard/DL_env/TF_GPU.venv/lib64/python3.9/site-packages/ipie/walkers/pop_controller.py:175: ComplexWarning: Casting complex values to real discards the imaginary part
  walkers.__dict__[d][iw] = xp.array(
/oscar/home/kberard/DL_env/TF_GPU.venv/lib64/python3.9/site-packages/ipie/walkers/pop_controller.py:175: ComplexWarning: Casting complex values to real discards the imaginary part
  walkers.__dict__[d][iw] = xp.array(
/oscar/home/kberard/DL_env/TF_GPU.venv/lib64/python3.9/site-packages/ipie/walkers/pop_controller.py:175: ComplexWarning: Casting complex values to real discards the imaginary part
  walkers.__dict__[d][iw] = xp.array(
/oscar/home/kberard/DL_env/TF_GPU.venv/lib64/python3.9/site-packages/ipie/walkers/pop_controller.py:175: ComplexWarning: Casting complex values to real discards the imaginary part
  walkers.__dict__[d][iw] = xp.array(
/oscar/home/kberard/DL_env/TF_GPU.venv/lib64/python3.9/site-packages/ipie/walkers/pop_controller.py:175: ComplexWarning: Casting complex values to real discards the imaginary part
  walkers.__dict__[d][iw] = xp.array(
/oscar/home/kberard/DL_env/TF_GPU.venv/lib64/python3.9/site-packages/ipie/walkers/pop_controller.py:175: ComplexWarning: Casting complex values to real discards the imaginary part
  walkers.__dict__[d][iw] = xp.array(
/oscar/home/kberard/DL_env/TF_GPU.venv/lib64/python3.9/site-packages/ipie/walkers/pop_controller.py:175: ComplexWarning: Casting complex values to real discards the imaginary part
  walkers.__dict__[d][iw] = xp.array(
/oscar/home/kberard/DL_env/TF_GPU.venv/lib64/python3.9/site-packages/ipie/walkers/pop_controller.py:175: ComplexWarning: Casting complex values to real discards the imaginary part
  walkers.__dict__[d][iw] = xp.array(
/oscar/home/kberard/DL_env/TF_GPU.venv/lib64/python3.9/site-packages/ipie/walkers/pop_controller.py:175: ComplexWarning: Casting complex values to real discards the imaginary part
  walkers.__dict__[d][iw] = xp.array(
/oscar/home/kberard/DL_env/TF_GPU.venv/lib64/python3.9/site-packages/ipie/walkers/pop_controller.py:175: ComplexWarning: Casting complex values to real discards the imaginary part
  walkers.__dict__[d][iw] = xp.array(
/oscar/home/kberard/DL_env/TF_GPU.venv/lib64/python3.9/site-packages/ipie/walkers/pop_controller.py:175: ComplexWarning: Casting complex values to real discards the imaginary part
  walkers.__dict__[d][iw] = xp.array(
/oscar/home/kberard/DL_env/TF_GPU.venv/lib64/python3.9/site-packages/ipie/walkers/pop_controller.py:175: ComplexWarning: Casting complex values to real discards the imaginary part
  walkers.__dict__[d][iw] = xp.array(
/oscar/home/kberard/DL_env/TF_GPU.venv/lib64/python3.9/site-packages/ipie/walkers/pop_controller.py:175: ComplexWarning: Casting complex values to real discards the imaginary part
  walkers.__dict__[d][iw] = xp.array(
/oscar/home/kberard/DL_env/TF_GPU.venv/lib64/python3.9/site-packages/ipie/walkers/pop_controller.py:175: ComplexWarning: Casting complex values to real discards the imaginary part
  walkers.__dict__[d][iw] = xp.array(
/oscar/home/kberard/DL_env/TF_GPU.venv/lib64/python3.9/site-packages/ipie/walkers/pop_controller.py:175: ComplexWarning: Casting complex values to real discards the imaginary part
  walkers.__dict__[d][iw] = xp.array(
/oscar/home/kberard/DL_env/TF_GPU.venv/lib64/python3.9/site-packages/ipie/walkers/pop_controller.py:175: ComplexWarning: Casting complex values to real discards the imaginary part
  walkers.__dict__[d][iw] = xp.array(
/oscar/home/kberard/DL_env/TF_GPU.venv/lib64/python3.9/site-packages/ipie/walkers/pop_controller.py:175: ComplexWarning: Casting complex values to real discards the imaginary part
  walkers.__dict__[d][iw] = xp.array(
/oscar/home/kberard/DL_env/TF_GPU.venv/lib64/python3.9/site-packages/ipie/walkers/pop_controller.py:175: ComplexWarning: Casting complex values to real discards the imaginary part
  walkers.__dict__[d][iw] = xp.array(
/oscar/home/kberard/DL_env/TF_GPU.venv/lib64/python3.9/site-packages/ipie/walkers/pop_controller.py:175: ComplexWarning: Casting complex values to real discards the imaginary part
  walkers.__dict__[d][iw] = xp.array(
/oscar/home/kberard/DL_env/TF_GPU.venv/lib64/python3.9/site-packages/ipie/walkers/pop_controller.py:175: ComplexWarning: Casting complex values to real discards the imaginary part
  walkers.__dict__[d][iw] = xp.array(
/oscar/home/kberard/DL_env/TF_GPU.venv/lib64/python3.9/site-packages/ipie/walkers/pop_controller.py:175: ComplexWarning: Casting complex values to real discards the imaginary part
  walkers.__dict__[d][iw] = xp.array(
/oscar/home/kberard/DL_env/TF_GPU.venv/lib64/python3.9/site-packages/ipie/walkers/pop_controller.py:175: ComplexWarning: Casting complex values to real discards the imaginary part
  walkers.__dict__[d][iw] = xp.array(
/oscar/home/kberard/DL_env/TF_GPU.venv/lib64/python3.9/site-packages/ipie/walkers/pop_controller.py:175: ComplexWarning: Casting complex values to real discards the imaginary part
  walkers.__dict__[d][iw] = xp.array(
/oscar/home/kberard/DL_env/TF_GPU.venv/lib64/python3.9/site-packages/ipie/walkers/pop_controller.py:175: ComplexWarning: Casting complex values to real discards the imaginary part
  walkers.__dict__[d][iw] = xp.array(
/oscar/home/kberard/DL_env/TF_GPU.venv/lib64/python3.9/site-packages/ipie/walkers/pop_controller.py:175: ComplexWarning: Casting complex values to real discards the imaginary part
  walkers.__dict__[d][iw] = xp.array(
/oscar/home/kberard/DL_env/TF_GPU.venv/lib64/python3.9/site-packages/ipie/walkers/pop_controller.py:175: ComplexWarning: Casting complex values to real discards the imaginary part
  walkers.__dict__[d][iw] = xp.array(
/oscar/home/kberard/DL_env/TF_GPU.venv/lib64/python3.9/site-packages/ipie/walkers/pop_controller.py:175: ComplexWarning: Casting complex values to real discards the imaginary part
  walkers.__dict__[d][iw] = xp.array(
/oscar/home/kberard/DL_env/TF_GPU.venv/lib64/python3.9/site-packages/ipie/walkers/pop_controller.py:175: ComplexWarning: Casting complex values to real discards the imaginary part
  walkers.__dict__[d][iw] = xp.array(
/oscar/home/kberard/DL_env/TF_GPU.venv/lib64/python3.9/site-packages/ipie/walkers/pop_controller.py:175: ComplexWarning: Casting complex values to real discards the imaginary part
  walkers.__dict__[d][iw] = xp.array(
/oscar/home/kberard/DL_env/TF_GPU.venv/lib64/python3.9/site-packages/ipie/walkers/pop_controller.py:175: ComplexWarning: Casting complex values to real discards the imaginary part
  walkers.__dict__[d][iw] = xp.array(
/oscar/home/kberard/DL_env/TF_GPU.venv/lib64/python3.9/site-packages/ipie/walkers/pop_controller.py:175: ComplexWarning: Casting complex values to real discards the imaginary part
  walkers.__dict__[d][iw] = xp.array(
/oscar/home/kberard/DL_env/TF_GPU.venv/lib64/python3.9/site-packages/ipie/walkers/pop_controller.py:175: ComplexWarning: Casting complex values to real discards the imaginary part
  walkers.__dict__[d][iw] = xp.array(
/oscar/home/kberard/DL_env/TF_GPU.venv/lib64/python3.9/site-packages/ipie/walkers/pop_controller.py:175: ComplexWarning: Casting complex values to real discards the imaginary part
  walkers.__dict__[d][iw] = xp.array(
/oscar/home/kberard/DL_env/TF_GPU.venv/lib64/python3.9/site-packages/ipie/walkers/pop_controller.py:175: ComplexWarning: Casting complex values to real discards the imaginary part
  walkers.__dict__[d][iw] = xp.array(
/oscar/home/kberard/DL_env/TF_GPU.venv/lib64/python3.9/site-packages/ipie/walkers/pop_controller.py:175: ComplexWarning: Casting complex values to real discards the imaginary part
  walkers.__dict__[d][iw] = xp.array(
/oscar/home/kberard/DL_env/TF_GPU.venv/lib64/python3.9/site-packages/ipie/walkers/pop_controller.py:175: ComplexWarning: Casting complex values to real discards the imaginary part
  walkers.__dict__[d][iw] = xp.array(
/oscar/home/kberard/DL_env/TF_GPU.venv/lib64/python3.9/site-packages/ipie/walkers/pop_controller.py:175: ComplexWarning: Casting complex values to real discards the imaginary part
  walkers.__dict__[d][iw] = xp.array(
/oscar/home/kberard/DL_env/TF_GPU.venv/lib64/python3.9/site-packages/ipie/walkers/pop_controller.py:175: ComplexWarning: Casting complex values to real discards the imaginary part
  walkers.__dict__[d][iw] = xp.array(
/oscar/home/kberard/DL_env/TF_GPU.venv/lib64/python3.9/site-packages/ipie/walkers/pop_controller.py:175: ComplexWarning: Casting complex values to real discards the imaginary part
  walkers.__dict__[d][iw] = xp.array(
/oscar/home/kberard/DL_env/TF_GPU.venv/lib64/python3.9/site-packages/ipie/walkers/pop_controller.py:175: ComplexWarning: Casting complex values to real discards the imaginary part
  walkers.__dict__[d][iw] = xp.array(
/oscar/home/kberard/DL_env/TF_GPU.venv/lib64/python3.9/site-packages/ipie/walkers/pop_controller.py:175: ComplexWarning: Casting complex values to real discards the imaginary part
  walkers.__dict__[d][iw] = xp.array(
/oscar/home/kberard/DL_env/TF_GPU.venv/lib64/python3.9/site-packages/ipie/walkers/pop_controller.py:175: ComplexWarning: Casting complex values to real discards the imaginary part
  walkers.__dict__[d][iw] = xp.array(
/oscar/home/kberard/DL_env/TF_GPU.venv/lib64/python3.9/site-packages/ipie/walkers/pop_controller.py:175: ComplexWarning: Casting complex values to real discards the imaginary part
  walkers.__dict__[d][iw] = xp.array(
/oscar/home/kberard/DL_env/TF_GPU.venv/lib64/python3.9/site-packages/ipie/walkers/pop_controller.py:175: ComplexWarning: Casting complex values to real discards the imaginary part
  walkers.__dict__[d][iw] = xp.array(
/oscar/home/kberard/DL_env/TF_GPU.venv/lib64/python3.9/site-packages/ipie/walkers/pop_controller.py:175: ComplexWarning: Casting complex values to real discards the imaginary part
  walkers.__dict__[d][iw] = xp.array(
/oscar/home/kberard/DL_env/TF_GPU.venv/lib64/python3.9/site-packages/ipie/walkers/pop_controller.py:175: ComplexWarning: Casting complex values to real discards the imaginary part
  walkers.__dict__[d][iw] = xp.array(
/oscar/home/kberard/DL_env/TF_GPU.venv/lib64/python3.9/site-packages/ipie/walkers/pop_controller.py:175: ComplexWarning: Casting complex values to real discards the imaginary part
  walkers.__dict__[d][iw] = xp.array(
/oscar/home/kberard/DL_env/TF_GPU.venv/lib64/python3.9/site-packages/ipie/walkers/pop_controller.py:175: ComplexWarning: Casting complex values to real discards the imaginary part
  walkers.__dict__[d][iw] = xp.array(
/oscar/home/kberard/DL_env/TF_GPU.venv/lib64/python3.9/site-packages/ipie/walkers/pop_controller.py:175: ComplexWarning: Casting complex values to real discards the imaginary part
  walkers.__dict__[d][iw] = xp.array(
/oscar/home/kberard/DL_env/TF_GPU.venv/lib64/python3.9/site-packages/ipie/walkers/pop_controller.py:175: ComplexWarning: Casting complex values to real discards the imaginary part
  walkers.__dict__[d][iw] = xp.array(
/oscar/home/kberard/DL_env/TF_GPU.venv/lib64/python3.9/site-packages/ipie/walkers/pop_controller.py:175: ComplexWarning: Casting complex values to real discards the imaginary part
  walkers.__dict__[d][iw] = xp.array(
/oscar/home/kberard/DL_env/TF_GPU.venv/lib64/python3.9/site-packages/ipie/walkers/pop_controller.py:175: ComplexWarning: Casting complex values to real discards the imaginary part
  walkers.__dict__[d][iw] = xp.array(
/oscar/home/kberard/DL_env/TF_GPU.venv/lib64/python3.9/site-packages/ipie/walkers/pop_controller.py:175: ComplexWarning: Casting complex values to real discards the imaginary part
  walkers.__dict__[d][iw] = xp.array(
/oscar/home/kberard/DL_env/TF_GPU.venv/lib64/python3.9/site-packages/ipie/walkers/pop_controller.py:175: ComplexWarning: Casting complex values to real discards the imaginary part
  walkers.__dict__[d][iw] = xp.array(
/oscar/home/kberard/DL_env/TF_GPU.venv/lib64/python3.9/site-packages/ipie/walkers/pop_controller.py:175: ComplexWarning: Casting complex values to real discards the imaginary part
  walkers.__dict__[d][iw] = xp.array(
/oscar/home/kberard/DL_env/TF_GPU.venv/lib64/python3.9/site-packages/ipie/walkers/pop_controller.py:175: ComplexWarning: Casting complex values to real discards the imaginary part
  walkers.__dict__[d][iw] = xp.array(
/oscar/home/kberard/DL_env/TF_GPU.venv/lib64/python3.9/site-packages/ipie/walkers/pop_controller.py:175: ComplexWarning: Casting complex values to real discards the imaginary part
  walkers.__dict__[d][iw] = xp.array(
/oscar/home/kberard/DL_env/TF_GPU.venv/lib64/python3.9/site-packages/ipie/walkers/pop_controller.py:175: ComplexWarning: Casting complex values to real discards the imaginary part
  walkers.__dict__[d][iw] = xp.array(
/oscar/home/kberard/DL_env/TF_GPU.venv/lib64/python3.9/site-packages/ipie/walkers/pop_controller.py:175: ComplexWarning: Casting complex values to real discards the imaginary part
  walkers.__dict__[d][iw] = xp.array(
/oscar/home/kberard/DL_env/TF_GPU.venv/lib64/python3.9/site-packages/ipie/walkers/pop_controller.py:175: ComplexWarning: Casting complex values to real discards the imaginary part
  walkers.__dict__[d][iw] = xp.array(
/oscar/home/kberard/DL_env/TF_GPU.venv/lib64/python3.9/site-packages/ipie/walkers/pop_controller.py:175: ComplexWarning: Casting complex values to real discards the imaginary part
  walkers.__dict__[d][iw] = xp.array(
/oscar/home/kberard/DL_env/TF_GPU.venv/lib64/python3.9/site-packages/ipie/walkers/pop_controller.py:175: ComplexWarning: Casting complex values to real discards the imaginary part
  walkers.__dict__[d][iw] = xp.array(
/oscar/home/kberard/DL_env/TF_GPU.venv/lib64/python3.9/site-packages/ipie/walkers/pop_controller.py:175: ComplexWarning: Casting complex values to real discards the imaginary part
  walkers.__dict__[d][iw] = xp.array(
/oscar/home/kberard/DL_env/TF_GPU.venv/lib64/python3.9/site-packages/ipie/walkers/pop_controller.py:175: ComplexWarning: Casting complex values to real discards the imaginary part
  walkers.__dict__[d][iw] = xp.array(
/oscar/home/kberard/DL_env/TF_GPU.venv/lib64/python3.9/site-packages/ipie/walkers/pop_controller.py:175: ComplexWarning: Casting complex values to real discards the imaginary part
  walkers.__dict__[d][iw] = xp.array(
/oscar/home/kberard/DL_env/TF_GPU.venv/lib64/python3.9/site-packages/ipie/walkers/pop_controller.py:175: ComplexWarning: Casting complex values to real discards the imaginary part
  walkers.__dict__[d][iw] = xp.array(
/oscar/home/kberard/DL_env/TF_GPU.venv/lib64/python3.9/site-packages/ipie/walkers/pop_controller.py:175: ComplexWarning: Casting complex values to real discards the imaginary part
  walkers.__dict__[d][iw] = xp.array(
/oscar/home/kberard/DL_env/TF_GPU.venv/lib64/python3.9/site-packages/ipie/walkers/pop_controller.py:175: ComplexWarning: Casting complex values to real discards the imaginary part
  walkers.__dict__[d][iw] = xp.array(
/oscar/home/kberard/DL_env/TF_GPU.venv/lib64/python3.9/site-packages/ipie/walkers/pop_controller.py:175: ComplexWarning: Casting complex values to real discards the imaginary part
  walkers.__dict__[d][iw] = xp.array(
/oscar/home/kberard/DL_env/TF_GPU.venv/lib64/python3.9/site-packages/ipie/walkers/pop_controller.py:175: ComplexWarning: Casting complex values to real discards the imaginary part
  walkers.__dict__[d][iw] = xp.array(
/oscar/home/kberard/DL_env/TF_GPU.venv/lib64/python3.9/site-packages/ipie/walkers/pop_controller.py:175: ComplexWarning: Casting complex values to real discards the imaginary part
  walkers.__dict__[d][iw] = xp.array(
/oscar/home/kberard/DL_env/TF_GPU.venv/lib64/python3.9/site-packages/ipie/walkers/pop_controller.py:175: ComplexWarning: Casting complex values to real discards the imaginary part
  walkers.__dict__[d][iw] = xp.array(
/oscar/home/kberard/DL_env/TF_GPU.venv/lib64/python3.9/site-packages/ipie/walkers/pop_controller.py:175: ComplexWarning: Casting complex values to real discards the imaginary part
  walkers.__dict__[d][iw] = xp.array(
/oscar/home/kberard/DL_env/TF_GPU.venv/lib64/python3.9/site-packages/ipie/walkers/pop_controller.py:175: ComplexWarning: Casting complex values to real discards the imaginary part
  walkers.__dict__[d][iw] = xp.array(
/oscar/home/kberard/DL_env/TF_GPU.venv/lib64/python3.9/site-packages/ipie/walkers/pop_controller.py:175: ComplexWarning: Casting complex values to real discards the imaginary part
  walkers.__dict__[d][iw] = xp.array(
/oscar/home/kberard/DL_env/TF_GPU.venv/lib64/python3.9/site-packages/ipie/walkers/pop_controller.py:175: ComplexWarning: Casting complex values to real discards the imaginary part
  walkers.__dict__[d][iw] = xp.array(
/oscar/home/kberard/DL_env/TF_GPU.venv/lib64/python3.9/site-packages/ipie/walkers/pop_controller.py:175: ComplexWarning: Casting complex values to real discards the imaginary part
  walkers.__dict__[d][iw] = xp.array(
/oscar/home/kberard/DL_env/TF_GPU.venv/lib64/python3.9/site-packages/ipie/walkers/pop_controller.py:175: ComplexWarning: Casting complex values to real discards the imaginary part
  walkers.__dict__[d][iw] = xp.array(
/oscar/home/kberard/DL_env/TF_GPU.venv/lib64/python3.9/site-packages/ipie/walkers/pop_controller.py:175: ComplexWarning: Casting complex values to real discards the imaginary part
  walkers.__dict__[d][iw] = xp.array(
/oscar/home/kberard/DL_env/TF_GPU.venv/lib64/python3.9/site-packages/ipie/walkers/pop_controller.py:175: ComplexWarning: Casting complex values to real discards the imaginary part
  walkers.__dict__[d][iw] = xp.array(
[2026-04-02T21:46:50.106] error: *** JOB 1197573 ON gpu2261 CANCELLED AT 2026-04-02T21:46:50 DUE to SIGNAL Terminated ***
