Lmod has detected the following error: The following module(s) are unknown:
"mpi"

Please check the spelling or version number. Also try "module spider ..."
It is also possible your cache file is out-of-date; it may help to try:
  $ module --ignore_cache load "mpi"

Also make sure that all modulefiles written in TCL start with the string
#%Module



2026-03-04 10:21:23.996302: I tensorflow/core/platform/cpu_feature_guard.cc:210] This TensorFlow binary is optimized to use available CPU instructions in performance-critical operations.
To enable the following instructions: AVX2 FMA, in other operations, rebuild TensorFlow with the appropriate compiler flags.
WARNING: All log messages before absl::InitializeLog() is called are written to STDERR
I0000 00:00:1772637691.583611 1190190 gpu_device.cc:2020] Created device /job:localhost/replica:0/task:0/device:GPU:0 with 43608 MB memory:  -> device: 0, name: NVIDIA A40, pci bus id: 0000:25:00.0, compute capability: 8.6
2026-03-04 10:21:35.212094: I external/local_xla/xla/service/service.cc:163] XLA service 0x7f55c80051d0 initialized for platform CUDA (this does not guarantee that XLA will be used). Devices:
2026-03-04 10:21:35.212137: I external/local_xla/xla/service/service.cc:171]   StreamExecutor device (0): NVIDIA A40, Compute Capability 8.6
2026-03-04 10:21:35.274345: I tensorflow/compiler/mlir/tensorflow/utils/dump_mlir_util.cc:269] disabling MLIR crash reproducer, set env var `MLIR_CRASH_REPRODUCER_DIRECTORY` to enable.
2026-03-04 10:21:35.748983: I external/local_xla/xla/stream_executor/cuda/cuda_dnn.cc:473] Loaded cuDNN version 91002
2026-03-04 10:21:35.828548: I external/local_xla/xla/service/gpu/autotuning/dot_search_space.cc:208] All configs were filtered out because none of them sufficiently match the hints. Maybe the hints set does not contain a good representative set of valid configs? Working around this by using the full hints set instead.
2026-03-04 10:21:35.828618: I external/local_xla/xla/service/gpu/autotuning/dot_search_space.cc:208] All configs were filtered out because none of them sufficiently match the hints. Maybe the hints set does not contain a good representative set of valid configs? Working around this by using the full hints set instead.
2026-03-04 10:21:35.828632: I external/local_xla/xla/service/gpu/autotuning/dot_search_space.cc:208] All configs were filtered out because none of them sufficiently match the hints. Maybe the hints set does not contain a good representative set of valid configs? Working around this by using the full hints set instead.
2026-03-04 10:21:36.253110: I external/local_xla/xla/stream_executor/cuda/subprocess_compilation.cc:346] ptxas warning : Registers are spilled to local memory in function 'gemm_fusion_dot_19', 20 bytes spill stores, 20 bytes spill loads

2026-03-04 10:21:36.582761: I external/local_xla/xla/stream_executor/cuda/subprocess_compilation.cc:346] ptxas warning : Registers are spilled to local memory in function 'gemm_fusion_dot_8', 304 bytes spill stores, 304 bytes spill loads

2026-03-04 10:21:36.803406: I external/local_xla/xla/stream_executor/cuda/subprocess_compilation.cc:346] ptxas warning : Registers are spilled to local memory in function 'gemm_fusion_dot_5', 104 bytes spill stores, 104 bytes spill loads

I0000 00:00:1772637700.087345 1190750 device_compiler.h:196] Compiled cluster using XLA!  This line is logged at most once for the lifetime of the process.
2026-03-04 10:21:41.447622: I external/local_xla/xla/service/gpu/autotuning/dot_search_space.cc:208] All configs were filtered out because none of them sufficiently match the hints. Maybe the hints set does not contain a good representative set of valid configs? Working around this by using the full hints set instead.
2026-03-04 10:21:41.447694: I external/local_xla/xla/service/gpu/autotuning/dot_search_space.cc:208] All configs were filtered out because none of them sufficiently match the hints. Maybe the hints set does not contain a good representative set of valid configs? Working around this by using the full hints set instead.
2026-03-04 10:21:41.447706: I external/local_xla/xla/service/gpu/autotuning/dot_search_space.cc:208] All configs were filtered out because none of them sufficiently match the hints. Maybe the hints set does not contain a good representative set of valid configs? Working around this by using the full hints set instead.
2026-03-04 10:21:42.112540: I external/local_xla/xla/stream_executor/cuda/subprocess_compilation.cc:346] ptxas warning : Registers are spilled to local memory in function 'gemm_fusion_dot_5', 8 bytes spill stores, 8 bytes spill loads

2026-03-04 10:21:42.226172: I external/local_xla/xla/stream_executor/cuda/subprocess_compilation.cc:346] ptxas warning : Registers are spilled to local memory in function 'gemm_fusion_dot_8', 312 bytes spill stores, 312 bytes spill loads

2026-03-04 10:21:42.288703: I external/local_xla/xla/stream_executor/cuda/subprocess_compilation.cc:346] ptxas warning : Registers are spilled to local memory in function 'gemm_fusion_dot_5', 360 bytes spill stores, 360 bytes spill loads

2026-03-04 10:21:42.317611: I external/local_xla/xla/stream_executor/cuda/subprocess_compilation.cc:346] ptxas warning : Registers are spilled to local memory in function 'gemm_fusion_dot_8', 12 bytes spill stores, 12 bytes spill loads

2026-03-04 10:21:46.543287: I external/local_xla/xla/service/gpu/autotuning/dot_search_space.cc:208] All configs were filtered out because none of them sufficiently match the hints. Maybe the hints set does not contain a good representative set of valid configs? Working around this by using the full hints set instead.
2026-03-04 10:21:46.543373: I external/local_xla/xla/service/gpu/autotuning/dot_search_space.cc:208] All configs were filtered out because none of them sufficiently match the hints. Maybe the hints set does not contain a good representative set of valid configs? Working around this by using the full hints set instead.
2026-03-04 10:21:47.048387: I external/local_xla/xla/stream_executor/cuda/subprocess_compilation.cc:346] ptxas warning : Registers are spilled to local memory in function 'gemm_fusion_dot_5', 8 bytes spill stores, 8 bytes spill loads

2026-03-04 10:21:47.290417: I external/local_xla/xla/stream_executor/cuda/subprocess_compilation.cc:346] ptxas warning : Registers are spilled to local memory in function 'gemm_fusion_dot_5', 360 bytes spill stores, 360 bytes spill loads

2026-03-04 10:27:53.667582: I external/local_xla/xla/service/gpu/autotuning/dot_search_space.cc:208] All configs were filtered out because none of them sufficiently match the hints. Maybe the hints set does not contain a good representative set of valid configs? Working around this by using the full hints set instead.
2026-03-04 10:27:53.668104: I external/local_xla/xla/service/gpu/autotuning/dot_search_space.cc:208] All configs were filtered out because none of them sufficiently match the hints. Maybe the hints set does not contain a good representative set of valid configs? Working around this by using the full hints set instead.
2026-03-04 10:27:54.114509: I external/local_xla/xla/stream_executor/cuda/subprocess_compilation.cc:346] ptxas warning : Registers are spilled to local memory in function 'gemm_fusion_dot_8', 20 bytes spill stores, 20 bytes spill loads

2026-03-04 10:27:54.344324: I external/local_xla/xla/stream_executor/cuda/subprocess_compilation.cc:346] ptxas warning : Registers are spilled to local memory in function 'gemm_fusion_dot_5', 104 bytes spill stores, 104 bytes spill loads

2026-03-04 10:27:55.069557: I external/local_xla/xla/service/gpu/autotuning/dot_search_space.cc:208] All configs were filtered out because none of them sufficiently match the hints. Maybe the hints set does not contain a good representative set of valid configs? Working around this by using the full hints set instead.
2026-03-04 10:27:55.069630: I external/local_xla/xla/service/gpu/autotuning/dot_search_space.cc:208] All configs were filtered out because none of them sufficiently match the hints. Maybe the hints set does not contain a good representative set of valid configs? Working around this by using the full hints set instead.
2026-03-04 10:27:55.423165: I external/local_xla/xla/stream_executor/cuda/subprocess_compilation.cc:346] ptxas warning : Registers are spilled to local memory in function 'gemm_fusion_dot_5', 8 bytes spill stores, 8 bytes spill loads

2026-03-04 10:27:55.634040: I external/local_xla/xla/stream_executor/cuda/subprocess_compilation.cc:346] ptxas warning : Registers are spilled to local memory in function 'gemm_fusion_dot_5', 360 bytes spill stores, 360 bytes spill loads

