2026-04-02 23:25:08.687224: I tensorflow/core/platform/cpu_feature_guard.cc:210] This TensorFlow binary is optimized to use available CPU instructions in performance-critical operations.
To enable the following instructions: AVX2 FMA, in other operations, rebuild TensorFlow with the appropriate compiler flags.
2026-04-02 23:27:16.203016: W tensorflow/core/common_runtime/gpu/gpu_bfc_allocator.cc:47] Overriding orig_value setting because the TF_FORCE_GPU_ALLOW_GROWTH environment variable is set. Original config value was 0.
WARNING: All log messages before absl::InitializeLog() is called are written to STDERR
I0000 00:00:1775186836.203055 2263641 gpu_process_state.cc:208] Using CUDA malloc Async allocator for GPU: 0
I0000 00:00:1775186836.204317 2263641 gpu_device.cc:2020] Created device /job:localhost/replica:0/task:0/device:GPU:0 with 46713 MB memory:  -> device: 0, name: NVIDIA RTX A6000, pci bus id: 0000:01:00.0, compute capability: 8.6
2026-04-02 23:27:23.057985: I external/local_xla/xla/service/service.cc:163] XLA service 0x7f1c20059ed0 initialized for platform CUDA (this does not guarantee that XLA will be used). Devices:
2026-04-02 23:27:23.058018: I external/local_xla/xla/service/service.cc:171]   StreamExecutor device (0): NVIDIA RTX A6000, Compute Capability 8.6
2026-04-02 23:27:23.204349: I tensorflow/compiler/mlir/tensorflow/utils/dump_mlir_util.cc:269] disabling MLIR crash reproducer, set env var `MLIR_CRASH_REPRODUCER_DIRECTORY` to enable.
2026-04-02 23:27:24.304274: I external/local_xla/xla/stream_executor/cuda/cuda_dnn.cc:473] Loaded cuDNN version 91002
2026-04-02 23:27:24.505810: I external/local_xla/xla/service/gpu/autotuning/dot_search_space.cc:208] All configs were filtered out because none of them sufficiently match the hints. Maybe the hints set does not contain a good representative set of valid configs? Working around this by using the full hints set instead.
2026-04-02 23:27:24.505884: I external/local_xla/xla/service/gpu/autotuning/dot_search_space.cc:208] All configs were filtered out because none of them sufficiently match the hints. Maybe the hints set does not contain a good representative set of valid configs? Working around this by using the full hints set instead.
2026-04-02 23:27:26.787749: I external/local_xla/xla/stream_executor/cuda/subprocess_compilation.cc:346] ptxas warning : Registers are spilled to local memory in function 'gemm_fusion_dot_53', 8 bytes spill stores, 8 bytes spill loads

2026-04-02 23:27:27.390643: I external/local_xla/xla/stream_executor/cuda/subprocess_compilation.cc:346] ptxas warning : Registers are spilled to local memory in function 'gemm_fusion_dot_16', 112 bytes spill stores, 112 bytes spill loads

I0000 00:00:1775186854.780015 2264212 device_compiler.h:196] Compiled cluster using XLA!  This line is logged at most once for the lifetime of the process.
2026-04-02 23:27:39.935862: I external/local_xla/xla/service/gpu/autotuning/dot_search_space.cc:208] All configs were filtered out because none of them sufficiently match the hints. Maybe the hints set does not contain a good representative set of valid configs? Working around this by using the full hints set instead.
2026-04-02 23:27:39.935929: I external/local_xla/xla/service/gpu/autotuning/dot_search_space.cc:208] All configs were filtered out because none of them sufficiently match the hints. Maybe the hints set does not contain a good representative set of valid configs? Working around this by using the full hints set instead.
2026-04-02 23:27:39.935950: I external/local_xla/xla/service/gpu/autotuning/dot_search_space.cc:208] All configs were filtered out because none of them sufficiently match the hints. Maybe the hints set does not contain a good representative set of valid configs? Working around this by using the full hints set instead.
2026-04-02 23:27:39.935989: I external/local_xla/xla/service/gpu/autotuning/dot_search_space.cc:208] All configs were filtered out because none of them sufficiently match the hints. Maybe the hints set does not contain a good representative set of valid configs? Working around this by using the full hints set instead.
2026-04-02 23:27:40.385320: I external/local_xla/xla/stream_executor/cuda/subprocess_compilation.cc:346] ptxas warning : Registers are spilled to local memory in function 'gemm_fusion_dot_4', 12 bytes spill stores, 12 bytes spill loads

2026-04-02 23:27:41.014920: I external/local_xla/xla/stream_executor/cuda/subprocess_compilation.cc:346] ptxas warning : Registers are spilled to local memory in function 'gemm_fusion_dot_2', 28 bytes spill stores, 28 bytes spill loads

2026-04-02 23:27:42.811846: I external/local_xla/xla/stream_executor/cuda/subprocess_compilation.cc:346] ptxas warning : Registers are spilled to local memory in function 'gemm_fusion_dot_16', 136 bytes spill stores, 136 bytes spill loads

2026-04-02 23:27:43.082806: I external/local_xla/xla/stream_executor/cuda/subprocess_compilation.cc:346] ptxas warning : Registers are spilled to local memory in function 'gemm_fusion_dot_13', 8 bytes spill stores, 8 bytes spill loads

2026-04-02 23:27:44.212658: I external/local_xla/xla/stream_executor/cuda/subprocess_compilation.cc:346] ptxas warning : Registers are spilled to local memory in function 'gemm_fusion_dot_16', 16 bytes spill stores, 16 bytes spill loads

2026-04-02 23:27:44.499315: I external/local_xla/xla/stream_executor/cuda/subprocess_compilation.cc:346] ptxas warning : Registers are spilled to local memory in function 'gemm_fusion_dot_17', 8 bytes spill stores, 8 bytes spill loads

2026-04-02 23:27:44.733457: I external/local_xla/xla/stream_executor/cuda/subprocess_compilation.cc:346] ptxas warning : Registers are spilled to local memory in function 'gemm_fusion_dot_17', 28 bytes spill stores, 28 bytes spill loads

2026-04-02 23:27:53.275699: I external/local_xla/xla/service/gpu/autotuning/dot_search_space.cc:208] All configs were filtered out because none of them sufficiently match the hints. Maybe the hints set does not contain a good representative set of valid configs? Working around this by using the full hints set instead.
2026-04-02 23:27:53.275753: I external/local_xla/xla/service/gpu/autotuning/dot_search_space.cc:208] All configs were filtered out because none of them sufficiently match the hints. Maybe the hints set does not contain a good representative set of valid configs? Working around this by using the full hints set instead.
2026-04-02 23:27:53.593255: I external/local_xla/xla/stream_executor/cuda/subprocess_compilation.cc:346] ptxas warning : Registers are spilled to local memory in function 'gemm_fusion_dot_4', 12 bytes spill stores, 12 bytes spill loads

2026-04-02 23:27:54.226755: I external/local_xla/xla/stream_executor/cuda/subprocess_compilation.cc:346] ptxas warning : Registers are spilled to local memory in function 'gemm_fusion_dot_2', 28 bytes spill stores, 28 bytes spill loads

2026-04-02 23:27:54.398343: I external/local_xla/xla/stream_executor/cuda/subprocess_compilation.cc:346] ptxas warning : Registers are spilled to local memory in function 'gemm_fusion_dot_13', 8 bytes spill stores, 8 bytes spill loads

2026-04-02 23:39:17.279779: I external/local_xla/xla/service/gpu/autotuning/dot_search_space.cc:208] All configs were filtered out because none of them sufficiently match the hints. Maybe the hints set does not contain a good representative set of valid configs? Working around this by using the full hints set instead.
2026-04-02 23:39:17.280133: I external/local_xla/xla/service/gpu/autotuning/dot_search_space.cc:208] All configs were filtered out because none of them sufficiently match the hints. Maybe the hints set does not contain a good representative set of valid configs? Working around this by using the full hints set instead.
2026-04-02 23:39:25.143900: I tensorflow/core/platform/cpu_feature_guard.cc:210] This TensorFlow binary is optimized to use available CPU instructions in performance-critical operations.
To enable the following instructions: AVX2 FMA, in other operations, rebuild TensorFlow with the appropriate compiler flags.
WARNING: All log messages before absl::InitializeLog() is called are written to STDERR
I0000 00:00:1775187670.480467 2272264 gpu_process_state.cc:208] Using CUDA malloc Async allocator for GPU: 0
I0000 00:00:1775187670.481763 2272264 gpu_device.cc:2020] Created device /job:localhost/replica:0/task:0/device:GPU:0 with 46709 MB memory:  -> device: 0, name: NVIDIA RTX A6000, pci bus id: 0000:01:00.0, compute capability: 8.6
/oscar/home/kberard/DL_env/TF_GPU.venv/lib64/python3.9/site-packages/ipie/walkers/pop_controller.py:175: ComplexWarning: Casting complex values to real discards the imaginary part
  walkers.__dict__[d][iw] = xp.array(
/oscar/home/kberard/DL_env/TF_GPU.venv/lib64/python3.9/site-packages/ipie/walkers/pop_controller.py:175: ComplexWarning: Casting complex values to real discards the imaginary part
  walkers.__dict__[d][iw] = xp.array(
/oscar/home/kberard/DL_env/TF_GPU.venv/lib64/python3.9/site-packages/ipie/walkers/pop_controller.py:175: ComplexWarning: Casting complex values to real discards the imaginary part
  walkers.__dict__[d][iw] = xp.array(
/oscar/home/kberard/DL_env/TF_GPU.venv/lib64/python3.9/site-packages/ipie/walkers/pop_controller.py:175: ComplexWarning: Casting complex values to real discards the imaginary part
  walkers.__dict__[d][iw] = xp.array(
/oscar/home/kberard/DL_env/TF_GPU.venv/lib64/python3.9/site-packages/ipie/walkers/pop_controller.py:175: ComplexWarning: Casting complex values to real discards the imaginary part
  walkers.__dict__[d][iw] = xp.array(
/oscar/home/kberard/DL_env/TF_GPU.venv/lib64/python3.9/site-packages/ipie/walkers/pop_controller.py:175: ComplexWarning: Casting complex values to real discards the imaginary part
  walkers.__dict__[d][iw] = xp.array(
/oscar/home/kberard/DL_env/TF_GPU.venv/lib64/python3.9/site-packages/ipie/walkers/pop_controller.py:175: ComplexWarning: Casting complex values to real discards the imaginary part
  walkers.__dict__[d][iw] = xp.array(
/oscar/home/kberard/DL_env/TF_GPU.venv/lib64/python3.9/site-packages/ipie/walkers/pop_controller.py:175: ComplexWarning: Casting complex values to real discards the imaginary part
  walkers.__dict__[d][iw] = xp.array(
/oscar/home/kberard/DL_env/TF_GPU.venv/lib64/python3.9/site-packages/ipie/walkers/pop_controller.py:175: ComplexWarning: Casting complex values to real discards the imaginary part
  walkers.__dict__[d][iw] = xp.array(
/oscar/home/kberard/DL_env/TF_GPU.venv/lib64/python3.9/site-packages/ipie/walkers/pop_controller.py:175: ComplexWarning: Casting complex values to real discards the imaginary part
  walkers.__dict__[d][iw] = xp.array(
/oscar/home/kberard/DL_env/TF_GPU.venv/lib64/python3.9/site-packages/ipie/walkers/pop_controller.py:175: ComplexWarning: Casting complex values to real discards the imaginary part
  walkers.__dict__[d][iw] = xp.array(
/oscar/home/kberard/DL_env/TF_GPU.venv/lib64/python3.9/site-packages/ipie/walkers/pop_controller.py:175: ComplexWarning: Casting complex values to real discards the imaginary part
  walkers.__dict__[d][iw] = xp.array(
/oscar/home/kberard/DL_env/TF_GPU.venv/lib64/python3.9/site-packages/ipie/walkers/pop_controller.py:175: ComplexWarning: Casting complex values to real discards the imaginary part
  walkers.__dict__[d][iw] = xp.array(
/oscar/home/kberard/DL_env/TF_GPU.venv/lib64/python3.9/site-packages/ipie/walkers/pop_controller.py:175: ComplexWarning: Casting complex values to real discards the imaginary part
  walkers.__dict__[d][iw] = xp.array(
/oscar/home/kberard/DL_env/TF_GPU.venv/lib64/python3.9/site-packages/ipie/walkers/pop_controller.py:175: ComplexWarning: Casting complex values to real discards the imaginary part
  walkers.__dict__[d][iw] = xp.array(
/oscar/home/kberard/DL_env/TF_GPU.venv/lib64/python3.9/site-packages/ipie/walkers/pop_controller.py:175: ComplexWarning: Casting complex values to real discards the imaginary part
  walkers.__dict__[d][iw] = xp.array(
/oscar/home/kberard/DL_env/TF_GPU.venv/lib64/python3.9/site-packages/ipie/walkers/pop_controller.py:175: ComplexWarning: Casting complex values to real discards the imaginary part
  walkers.__dict__[d][iw] = xp.array(
/oscar/home/kberard/DL_env/TF_GPU.venv/lib64/python3.9/site-packages/ipie/walkers/pop_controller.py:175: ComplexWarning: Casting complex values to real discards the imaginary part
  walkers.__dict__[d][iw] = xp.array(
/oscar/home/kberard/DL_env/TF_GPU.venv/lib64/python3.9/site-packages/ipie/walkers/pop_controller.py:175: ComplexWarning: Casting complex values to real discards the imaginary part
  walkers.__dict__[d][iw] = xp.array(
/oscar/home/kberard/DL_env/TF_GPU.venv/lib64/python3.9/site-packages/ipie/walkers/pop_controller.py:175: ComplexWarning: Casting complex values to real discards the imaginary part
  walkers.__dict__[d][iw] = xp.array(
/oscar/home/kberard/DL_env/TF_GPU.venv/lib64/python3.9/site-packages/ipie/walkers/pop_controller.py:175: ComplexWarning: Casting complex values to real discards the imaginary part
  walkers.__dict__[d][iw] = xp.array(
/oscar/home/kberard/DL_env/TF_GPU.venv/lib64/python3.9/site-packages/ipie/walkers/pop_controller.py:175: ComplexWarning: Casting complex values to real discards the imaginary part
  walkers.__dict__[d][iw] = xp.array(
/oscar/home/kberard/DL_env/TF_GPU.venv/lib64/python3.9/site-packages/ipie/walkers/pop_controller.py:175: ComplexWarning: Casting complex values to real discards the imaginary part
  walkers.__dict__[d][iw] = xp.array(
/oscar/home/kberard/DL_env/TF_GPU.venv/lib64/python3.9/site-packages/ipie/walkers/pop_controller.py:175: ComplexWarning: Casting complex values to real discards the imaginary part
  walkers.__dict__[d][iw] = xp.array(
/oscar/home/kberard/DL_env/TF_GPU.venv/lib64/python3.9/site-packages/ipie/walkers/pop_controller.py:175: ComplexWarning: Casting complex values to real discards the imaginary part
  walkers.__dict__[d][iw] = xp.array(
/oscar/home/kberard/DL_env/TF_GPU.venv/lib64/python3.9/site-packages/ipie/walkers/pop_controller.py:175: ComplexWarning: Casting complex values to real discards the imaginary part
  walkers.__dict__[d][iw] = xp.array(
/oscar/home/kberard/DL_env/TF_GPU.venv/lib64/python3.9/site-packages/ipie/walkers/pop_controller.py:175: ComplexWarning: Casting complex values to real discards the imaginary part
  walkers.__dict__[d][iw] = xp.array(
/oscar/home/kberard/DL_env/TF_GPU.venv/lib64/python3.9/site-packages/ipie/walkers/pop_controller.py:175: ComplexWarning: Casting complex values to real discards the imaginary part
  walkers.__dict__[d][iw] = xp.array(
/oscar/home/kberard/DL_env/TF_GPU.venv/lib64/python3.9/site-packages/ipie/walkers/pop_controller.py:175: ComplexWarning: Casting complex values to real discards the imaginary part
  walkers.__dict__[d][iw] = xp.array(
/oscar/home/kberard/DL_env/TF_GPU.venv/lib64/python3.9/site-packages/ipie/walkers/pop_controller.py:175: ComplexWarning: Casting complex values to real discards the imaginary part
  walkers.__dict__[d][iw] = xp.array(
/oscar/home/kberard/DL_env/TF_GPU.venv/lib64/python3.9/site-packages/ipie/walkers/pop_controller.py:175: ComplexWarning: Casting complex values to real discards the imaginary part
  walkers.__dict__[d][iw] = xp.array(
/oscar/home/kberard/DL_env/TF_GPU.venv/lib64/python3.9/site-packages/ipie/walkers/pop_controller.py:175: ComplexWarning: Casting complex values to real discards the imaginary part
  walkers.__dict__[d][iw] = xp.array(
/oscar/home/kberard/DL_env/TF_GPU.venv/lib64/python3.9/site-packages/ipie/walkers/pop_controller.py:175: ComplexWarning: Casting complex values to real discards the imaginary part
  walkers.__dict__[d][iw] = xp.array(
/oscar/home/kberard/DL_env/TF_GPU.venv/lib64/python3.9/site-packages/ipie/walkers/pop_controller.py:175: ComplexWarning: Casting complex values to real discards the imaginary part
  walkers.__dict__[d][iw] = xp.array(
/oscar/home/kberard/DL_env/TF_GPU.venv/lib64/python3.9/site-packages/ipie/walkers/pop_controller.py:175: ComplexWarning: Casting complex values to real discards the imaginary part
  walkers.__dict__[d][iw] = xp.array(
/oscar/home/kberard/DL_env/TF_GPU.venv/lib64/python3.9/site-packages/ipie/walkers/pop_controller.py:175: ComplexWarning: Casting complex values to real discards the imaginary part
  walkers.__dict__[d][iw] = xp.array(
/oscar/home/kberard/DL_env/TF_GPU.venv/lib64/python3.9/site-packages/ipie/walkers/pop_controller.py:175: ComplexWarning: Casting complex values to real discards the imaginary part
  walkers.__dict__[d][iw] = xp.array(
/oscar/home/kberard/DL_env/TF_GPU.venv/lib64/python3.9/site-packages/ipie/walkers/pop_controller.py:175: ComplexWarning: Casting complex values to real discards the imaginary part
  walkers.__dict__[d][iw] = xp.array(
/oscar/home/kberard/DL_env/TF_GPU.venv/lib64/python3.9/site-packages/ipie/walkers/pop_controller.py:175: ComplexWarning: Casting complex values to real discards the imaginary part
  walkers.__dict__[d][iw] = xp.array(
/oscar/home/kberard/DL_env/TF_GPU.venv/lib64/python3.9/site-packages/ipie/walkers/pop_controller.py:175: ComplexWarning: Casting complex values to real discards the imaginary part
  walkers.__dict__[d][iw] = xp.array(
/oscar/home/kberard/DL_env/TF_GPU.venv/lib64/python3.9/site-packages/ipie/walkers/pop_controller.py:175: ComplexWarning: Casting complex values to real discards the imaginary part
  walkers.__dict__[d][iw] = xp.array(
/oscar/home/kberard/DL_env/TF_GPU.venv/lib64/python3.9/site-packages/ipie/walkers/pop_controller.py:175: ComplexWarning: Casting complex values to real discards the imaginary part
  walkers.__dict__[d][iw] = xp.array(
/oscar/home/kberard/DL_env/TF_GPU.venv/lib64/python3.9/site-packages/ipie/walkers/pop_controller.py:175: ComplexWarning: Casting complex values to real discards the imaginary part
  walkers.__dict__[d][iw] = xp.array(
/oscar/home/kberard/DL_env/TF_GPU.venv/lib64/python3.9/site-packages/ipie/walkers/pop_controller.py:175: ComplexWarning: Casting complex values to real discards the imaginary part
  walkers.__dict__[d][iw] = xp.array(
/oscar/home/kberard/DL_env/TF_GPU.venv/lib64/python3.9/site-packages/ipie/walkers/pop_controller.py:175: ComplexWarning: Casting complex values to real discards the imaginary part
  walkers.__dict__[d][iw] = xp.array(
/oscar/home/kberard/DL_env/TF_GPU.venv/lib64/python3.9/site-packages/ipie/walkers/pop_controller.py:175: ComplexWarning: Casting complex values to real discards the imaginary part
  walkers.__dict__[d][iw] = xp.array(
/oscar/home/kberard/DL_env/TF_GPU.venv/lib64/python3.9/site-packages/ipie/walkers/pop_controller.py:175: ComplexWarning: Casting complex values to real discards the imaginary part
  walkers.__dict__[d][iw] = xp.array(
/oscar/home/kberard/DL_env/TF_GPU.venv/lib64/python3.9/site-packages/ipie/walkers/pop_controller.py:175: ComplexWarning: Casting complex values to real discards the imaginary part
  walkers.__dict__[d][iw] = xp.array(
/oscar/home/kberard/DL_env/TF_GPU.venv/lib64/python3.9/site-packages/ipie/walkers/pop_controller.py:175: ComplexWarning: Casting complex values to real discards the imaginary part
  walkers.__dict__[d][iw] = xp.array(
/oscar/home/kberard/DL_env/TF_GPU.venv/lib64/python3.9/site-packages/ipie/walkers/pop_controller.py:175: ComplexWarning: Casting complex values to real discards the imaginary part
  walkers.__dict__[d][iw] = xp.array(
/oscar/home/kberard/DL_env/TF_GPU.venv/lib64/python3.9/site-packages/ipie/walkers/pop_controller.py:175: ComplexWarning: Casting complex values to real discards the imaginary part
  walkers.__dict__[d][iw] = xp.array(
/oscar/home/kberard/DL_env/TF_GPU.venv/lib64/python3.9/site-packages/ipie/walkers/pop_controller.py:175: ComplexWarning: Casting complex values to real discards the imaginary part
  walkers.__dict__[d][iw] = xp.array(
/oscar/home/kberard/DL_env/TF_GPU.venv/lib64/python3.9/site-packages/ipie/walkers/pop_controller.py:175: ComplexWarning: Casting complex values to real discards the imaginary part
  walkers.__dict__[d][iw] = xp.array(
/oscar/home/kberard/DL_env/TF_GPU.venv/lib64/python3.9/site-packages/ipie/walkers/pop_controller.py:175: ComplexWarning: Casting complex values to real discards the imaginary part
  walkers.__dict__[d][iw] = xp.array(
/oscar/home/kberard/DL_env/TF_GPU.venv/lib64/python3.9/site-packages/ipie/walkers/pop_controller.py:175: ComplexWarning: Casting complex values to real discards the imaginary part
  walkers.__dict__[d][iw] = xp.array(
/oscar/home/kberard/DL_env/TF_GPU.venv/lib64/python3.9/site-packages/ipie/walkers/pop_controller.py:175: ComplexWarning: Casting complex values to real discards the imaginary part
  walkers.__dict__[d][iw] = xp.array(
/oscar/home/kberard/DL_env/TF_GPU.venv/lib64/python3.9/site-packages/ipie/walkers/pop_controller.py:175: ComplexWarning: Casting complex values to real discards the imaginary part
  walkers.__dict__[d][iw] = xp.array(
/oscar/home/kberard/DL_env/TF_GPU.venv/lib64/python3.9/site-packages/ipie/walkers/pop_controller.py:175: ComplexWarning: Casting complex values to real discards the imaginary part
  walkers.__dict__[d][iw] = xp.array(
/oscar/home/kberard/DL_env/TF_GPU.venv/lib64/python3.9/site-packages/ipie/walkers/pop_controller.py:175: ComplexWarning: Casting complex values to real discards the imaginary part
  walkers.__dict__[d][iw] = xp.array(
/oscar/home/kberard/DL_env/TF_GPU.venv/lib64/python3.9/site-packages/ipie/walkers/pop_controller.py:175: ComplexWarning: Casting complex values to real discards the imaginary part
  walkers.__dict__[d][iw] = xp.array(
/oscar/home/kberard/DL_env/TF_GPU.venv/lib64/python3.9/site-packages/ipie/walkers/pop_controller.py:175: ComplexWarning: Casting complex values to real discards the imaginary part
  walkers.__dict__[d][iw] = xp.array(
/oscar/home/kberard/DL_env/TF_GPU.venv/lib64/python3.9/site-packages/ipie/walkers/pop_controller.py:175: ComplexWarning: Casting complex values to real discards the imaginary part
  walkers.__dict__[d][iw] = xp.array(
/oscar/home/kberard/DL_env/TF_GPU.venv/lib64/python3.9/site-packages/ipie/walkers/pop_controller.py:175: ComplexWarning: Casting complex values to real discards the imaginary part
  walkers.__dict__[d][iw] = xp.array(
/oscar/home/kberard/DL_env/TF_GPU.venv/lib64/python3.9/site-packages/ipie/walkers/pop_controller.py:175: ComplexWarning: Casting complex values to real discards the imaginary part
  walkers.__dict__[d][iw] = xp.array(
/oscar/home/kberard/DL_env/TF_GPU.venv/lib64/python3.9/site-packages/ipie/walkers/pop_controller.py:175: ComplexWarning: Casting complex values to real discards the imaginary part
  walkers.__dict__[d][iw] = xp.array(
/oscar/home/kberard/DL_env/TF_GPU.venv/lib64/python3.9/site-packages/ipie/walkers/pop_controller.py:175: ComplexWarning: Casting complex values to real discards the imaginary part
  walkers.__dict__[d][iw] = xp.array(
/oscar/home/kberard/DL_env/TF_GPU.venv/lib64/python3.9/site-packages/ipie/walkers/pop_controller.py:175: ComplexWarning: Casting complex values to real discards the imaginary part
  walkers.__dict__[d][iw] = xp.array(
/oscar/home/kberard/DL_env/TF_GPU.venv/lib64/python3.9/site-packages/ipie/walkers/pop_controller.py:175: ComplexWarning: Casting complex values to real discards the imaginary part
  walkers.__dict__[d][iw] = xp.array(
/oscar/home/kberard/DL_env/TF_GPU.venv/lib64/python3.9/site-packages/ipie/walkers/pop_controller.py:175: ComplexWarning: Casting complex values to real discards the imaginary part
  walkers.__dict__[d][iw] = xp.array(
/oscar/home/kberard/DL_env/TF_GPU.venv/lib64/python3.9/site-packages/ipie/walkers/pop_controller.py:175: ComplexWarning: Casting complex values to real discards the imaginary part
  walkers.__dict__[d][iw] = xp.array(
/oscar/home/kberard/DL_env/TF_GPU.venv/lib64/python3.9/site-packages/ipie/walkers/pop_controller.py:175: ComplexWarning: Casting complex values to real discards the imaginary part
  walkers.__dict__[d][iw] = xp.array(
/oscar/home/kberard/DL_env/TF_GPU.venv/lib64/python3.9/site-packages/ipie/walkers/pop_controller.py:175: ComplexWarning: Casting complex values to real discards the imaginary part
  walkers.__dict__[d][iw] = xp.array(
/oscar/home/kberard/DL_env/TF_GPU.venv/lib64/python3.9/site-packages/ipie/walkers/pop_controller.py:175: ComplexWarning: Casting complex values to real discards the imaginary part
  walkers.__dict__[d][iw] = xp.array(
/oscar/home/kberard/DL_env/TF_GPU.venv/lib64/python3.9/site-packages/ipie/walkers/pop_controller.py:175: ComplexWarning: Casting complex values to real discards the imaginary part
  walkers.__dict__[d][iw] = xp.array(
/oscar/home/kberard/DL_env/TF_GPU.venv/lib64/python3.9/site-packages/ipie/walkers/pop_controller.py:175: ComplexWarning: Casting complex values to real discards the imaginary part
  walkers.__dict__[d][iw] = xp.array(
/oscar/home/kberard/DL_env/TF_GPU.venv/lib64/python3.9/site-packages/ipie/walkers/pop_controller.py:175: ComplexWarning: Casting complex values to real discards the imaginary part
  walkers.__dict__[d][iw] = xp.array(
/oscar/home/kberard/DL_env/TF_GPU.venv/lib64/python3.9/site-packages/ipie/walkers/pop_controller.py:175: ComplexWarning: Casting complex values to real discards the imaginary part
  walkers.__dict__[d][iw] = xp.array(
/oscar/home/kberard/DL_env/TF_GPU.venv/lib64/python3.9/site-packages/ipie/walkers/pop_controller.py:175: ComplexWarning: Casting complex values to real discards the imaginary part
  walkers.__dict__[d][iw] = xp.array(
/oscar/home/kberard/DL_env/TF_GPU.venv/lib64/python3.9/site-packages/ipie/walkers/pop_controller.py:175: ComplexWarning: Casting complex values to real discards the imaginary part
  walkers.__dict__[d][iw] = xp.array(
/oscar/home/kberard/DL_env/TF_GPU.venv/lib64/python3.9/site-packages/ipie/walkers/pop_controller.py:175: ComplexWarning: Casting complex values to real discards the imaginary part
  walkers.__dict__[d][iw] = xp.array(
/oscar/home/kberard/DL_env/TF_GPU.venv/lib64/python3.9/site-packages/ipie/walkers/pop_controller.py:175: ComplexWarning: Casting complex values to real discards the imaginary part
  walkers.__dict__[d][iw] = xp.array(
/oscar/home/kberard/DL_env/TF_GPU.venv/lib64/python3.9/site-packages/ipie/walkers/pop_controller.py:175: ComplexWarning: Casting complex values to real discards the imaginary part
  walkers.__dict__[d][iw] = xp.array(
/oscar/home/kberard/DL_env/TF_GPU.venv/lib64/python3.9/site-packages/ipie/walkers/pop_controller.py:175: ComplexWarning: Casting complex values to real discards the imaginary part
  walkers.__dict__[d][iw] = xp.array(
/oscar/home/kberard/DL_env/TF_GPU.venv/lib64/python3.9/site-packages/ipie/walkers/pop_controller.py:175: ComplexWarning: Casting complex values to real discards the imaginary part
  walkers.__dict__[d][iw] = xp.array(
/oscar/home/kberard/DL_env/TF_GPU.venv/lib64/python3.9/site-packages/ipie/walkers/pop_controller.py:175: ComplexWarning: Casting complex values to real discards the imaginary part
  walkers.__dict__[d][iw] = xp.array(
/oscar/home/kberard/DL_env/TF_GPU.venv/lib64/python3.9/site-packages/ipie/walkers/pop_controller.py:175: ComplexWarning: Casting complex values to real discards the imaginary part
  walkers.__dict__[d][iw] = xp.array(
/oscar/home/kberard/DL_env/TF_GPU.venv/lib64/python3.9/site-packages/ipie/walkers/pop_controller.py:175: ComplexWarning: Casting complex values to real discards the imaginary part
  walkers.__dict__[d][iw] = xp.array(
/oscar/home/kberard/DL_env/TF_GPU.venv/lib64/python3.9/site-packages/ipie/walkers/pop_controller.py:175: ComplexWarning: Casting complex values to real discards the imaginary part
  walkers.__dict__[d][iw] = xp.array(
/oscar/home/kberard/DL_env/TF_GPU.venv/lib64/python3.9/site-packages/ipie/walkers/pop_controller.py:175: ComplexWarning: Casting complex values to real discards the imaginary part
  walkers.__dict__[d][iw] = xp.array(
/oscar/home/kberard/DL_env/TF_GPU.venv/lib64/python3.9/site-packages/ipie/walkers/pop_controller.py:175: ComplexWarning: Casting complex values to real discards the imaginary part
  walkers.__dict__[d][iw] = xp.array(
/oscar/home/kberard/DL_env/TF_GPU.venv/lib64/python3.9/site-packages/ipie/walkers/pop_controller.py:175: ComplexWarning: Casting complex values to real discards the imaginary part
  walkers.__dict__[d][iw] = xp.array(
/oscar/home/kberard/DL_env/TF_GPU.venv/lib64/python3.9/site-packages/ipie/walkers/pop_controller.py:175: ComplexWarning: Casting complex values to real discards the imaginary part
  walkers.__dict__[d][iw] = xp.array(
/oscar/home/kberard/DL_env/TF_GPU.venv/lib64/python3.9/site-packages/ipie/walkers/pop_controller.py:175: ComplexWarning: Casting complex values to real discards the imaginary part
  walkers.__dict__[d][iw] = xp.array(
/oscar/home/kberard/DL_env/TF_GPU.venv/lib64/python3.9/site-packages/ipie/walkers/pop_controller.py:175: ComplexWarning: Casting complex values to real discards the imaginary part
  walkers.__dict__[d][iw] = xp.array(
/oscar/home/kberard/DL_env/TF_GPU.venv/lib64/python3.9/site-packages/ipie/walkers/pop_controller.py:175: ComplexWarning: Casting complex values to real discards the imaginary part
  walkers.__dict__[d][iw] = xp.array(
/oscar/home/kberard/DL_env/TF_GPU.venv/lib64/python3.9/site-packages/ipie/walkers/pop_controller.py:175: ComplexWarning: Casting complex values to real discards the imaginary part
  walkers.__dict__[d][iw] = xp.array(
/oscar/home/kberard/DL_env/TF_GPU.venv/lib64/python3.9/site-packages/ipie/walkers/pop_controller.py:175: ComplexWarning: Casting complex values to real discards the imaginary part
  walkers.__dict__[d][iw] = xp.array(
/oscar/home/kberard/DL_env/TF_GPU.venv/lib64/python3.9/site-packages/ipie/walkers/pop_controller.py:175: ComplexWarning: Casting complex values to real discards the imaginary part
  walkers.__dict__[d][iw] = xp.array(
/oscar/home/kberard/DL_env/TF_GPU.venv/lib64/python3.9/site-packages/ipie/walkers/pop_controller.py:175: ComplexWarning: Casting complex values to real discards the imaginary part
  walkers.__dict__[d][iw] = xp.array(
/oscar/home/kberard/DL_env/TF_GPU.venv/lib64/python3.9/site-packages/ipie/walkers/pop_controller.py:175: ComplexWarning: Casting complex values to real discards the imaginary part
  walkers.__dict__[d][iw] = xp.array(
/oscar/home/kberard/DL_env/TF_GPU.venv/lib64/python3.9/site-packages/ipie/walkers/pop_controller.py:175: ComplexWarning: Casting complex values to real discards the imaginary part
  walkers.__dict__[d][iw] = xp.array(
/oscar/home/kberard/DL_env/TF_GPU.venv/lib64/python3.9/site-packages/ipie/walkers/pop_controller.py:175: ComplexWarning: Casting complex values to real discards the imaginary part
  walkers.__dict__[d][iw] = xp.array(
/oscar/home/kberard/DL_env/TF_GPU.venv/lib64/python3.9/site-packages/ipie/walkers/pop_controller.py:175: ComplexWarning: Casting complex values to real discards the imaginary part
  walkers.__dict__[d][iw] = xp.array(
/oscar/home/kberard/DL_env/TF_GPU.venv/lib64/python3.9/site-packages/ipie/walkers/pop_controller.py:175: ComplexWarning: Casting complex values to real discards the imaginary part
  walkers.__dict__[d][iw] = xp.array(
/oscar/home/kberard/DL_env/TF_GPU.venv/lib64/python3.9/site-packages/ipie/walkers/pop_controller.py:175: ComplexWarning: Casting complex values to real discards the imaginary part
  walkers.__dict__[d][iw] = xp.array(
/oscar/home/kberard/DL_env/TF_GPU.venv/lib64/python3.9/site-packages/ipie/walkers/pop_controller.py:175: ComplexWarning: Casting complex values to real discards the imaginary part
  walkers.__dict__[d][iw] = xp.array(
/oscar/home/kberard/DL_env/TF_GPU.venv/lib64/python3.9/site-packages/ipie/walkers/pop_controller.py:175: ComplexWarning: Casting complex values to real discards the imaginary part
  walkers.__dict__[d][iw] = xp.array(
/oscar/home/kberard/DL_env/TF_GPU.venv/lib64/python3.9/site-packages/ipie/walkers/pop_controller.py:175: ComplexWarning: Casting complex values to real discards the imaginary part
  walkers.__dict__[d][iw] = xp.array(
/oscar/home/kberard/DL_env/TF_GPU.venv/lib64/python3.9/site-packages/ipie/walkers/pop_controller.py:175: ComplexWarning: Casting complex values to real discards the imaginary part
  walkers.__dict__[d][iw] = xp.array(
/oscar/home/kberard/DL_env/TF_GPU.venv/lib64/python3.9/site-packages/ipie/walkers/pop_controller.py:175: ComplexWarning: Casting complex values to real discards the imaginary part
  walkers.__dict__[d][iw] = xp.array(
/oscar/home/kberard/DL_env/TF_GPU.venv/lib64/python3.9/site-packages/ipie/walkers/pop_controller.py:175: ComplexWarning: Casting complex values to real discards the imaginary part
  walkers.__dict__[d][iw] = xp.array(
/oscar/home/kberard/DL_env/TF_GPU.venv/lib64/python3.9/site-packages/ipie/walkers/pop_controller.py:175: ComplexWarning: Casting complex values to real discards the imaginary part
  walkers.__dict__[d][iw] = xp.array(
/oscar/home/kberard/DL_env/TF_GPU.venv/lib64/python3.9/site-packages/ipie/walkers/pop_controller.py:175: ComplexWarning: Casting complex values to real discards the imaginary part
  walkers.__dict__[d][iw] = xp.array(
/oscar/home/kberard/DL_env/TF_GPU.venv/lib64/python3.9/site-packages/ipie/walkers/pop_controller.py:175: ComplexWarning: Casting complex values to real discards the imaginary part
  walkers.__dict__[d][iw] = xp.array(
/oscar/home/kberard/DL_env/TF_GPU.venv/lib64/python3.9/site-packages/ipie/walkers/pop_controller.py:175: ComplexWarning: Casting complex values to real discards the imaginary part
  walkers.__dict__[d][iw] = xp.array(
/oscar/home/kberard/DL_env/TF_GPU.venv/lib64/python3.9/site-packages/ipie/walkers/pop_controller.py:175: ComplexWarning: Casting complex values to real discards the imaginary part
  walkers.__dict__[d][iw] = xp.array(
/oscar/home/kberard/DL_env/TF_GPU.venv/lib64/python3.9/site-packages/ipie/walkers/pop_controller.py:175: ComplexWarning: Casting complex values to real discards the imaginary part
  walkers.__dict__[d][iw] = xp.array(
/oscar/home/kberard/DL_env/TF_GPU.venv/lib64/python3.9/site-packages/ipie/walkers/pop_controller.py:175: ComplexWarning: Casting complex values to real discards the imaginary part
  walkers.__dict__[d][iw] = xp.array(
/oscar/home/kberard/DL_env/TF_GPU.venv/lib64/python3.9/site-packages/ipie/walkers/pop_controller.py:175: ComplexWarning: Casting complex values to real discards the imaginary part
  walkers.__dict__[d][iw] = xp.array(
/oscar/home/kberard/DL_env/TF_GPU.venv/lib64/python3.9/site-packages/ipie/walkers/pop_controller.py:175: ComplexWarning: Casting complex values to real discards the imaginary part
  walkers.__dict__[d][iw] = xp.array(
/oscar/home/kberard/DL_env/TF_GPU.venv/lib64/python3.9/site-packages/ipie/walkers/pop_controller.py:175: ComplexWarning: Casting complex values to real discards the imaginary part
  walkers.__dict__[d][iw] = xp.array(
/oscar/home/kberard/DL_env/TF_GPU.venv/lib64/python3.9/site-packages/ipie/walkers/pop_controller.py:175: ComplexWarning: Casting complex values to real discards the imaginary part
  walkers.__dict__[d][iw] = xp.array(
/oscar/home/kberard/DL_env/TF_GPU.venv/lib64/python3.9/site-packages/ipie/walkers/pop_controller.py:175: ComplexWarning: Casting complex values to real discards the imaginary part
  walkers.__dict__[d][iw] = xp.array(
/oscar/home/kberard/DL_env/TF_GPU.venv/lib64/python3.9/site-packages/ipie/walkers/pop_controller.py:175: ComplexWarning: Casting complex values to real discards the imaginary part
  walkers.__dict__[d][iw] = xp.array(
/oscar/home/kberard/DL_env/TF_GPU.venv/lib64/python3.9/site-packages/ipie/walkers/pop_controller.py:175: ComplexWarning: Casting complex values to real discards the imaginary part
  walkers.__dict__[d][iw] = xp.array(
/oscar/home/kberard/DL_env/TF_GPU.venv/lib64/python3.9/site-packages/ipie/walkers/pop_controller.py:175: ComplexWarning: Casting complex values to real discards the imaginary part
  walkers.__dict__[d][iw] = xp.array(
/oscar/home/kberard/DL_env/TF_GPU.venv/lib64/python3.9/site-packages/ipie/walkers/pop_controller.py:175: ComplexWarning: Casting complex values to real discards the imaginary part
  walkers.__dict__[d][iw] = xp.array(
/oscar/home/kberard/DL_env/TF_GPU.venv/lib64/python3.9/site-packages/ipie/walkers/pop_controller.py:175: ComplexWarning: Casting complex values to real discards the imaginary part
  walkers.__dict__[d][iw] = xp.array(
/oscar/home/kberard/DL_env/TF_GPU.venv/lib64/python3.9/site-packages/ipie/walkers/pop_controller.py:175: ComplexWarning: Casting complex values to real discards the imaginary part
  walkers.__dict__[d][iw] = xp.array(
/oscar/home/kberard/DL_env/TF_GPU.venv/lib64/python3.9/site-packages/ipie/walkers/pop_controller.py:175: ComplexWarning: Casting complex values to real discards the imaginary part
  walkers.__dict__[d][iw] = xp.array(
/oscar/home/kberard/DL_env/TF_GPU.venv/lib64/python3.9/site-packages/ipie/walkers/pop_controller.py:175: ComplexWarning: Casting complex values to real discards the imaginary part
  walkers.__dict__[d][iw] = xp.array(
/oscar/home/kberard/DL_env/TF_GPU.venv/lib64/python3.9/site-packages/ipie/walkers/pop_controller.py:175: ComplexWarning: Casting complex values to real discards the imaginary part
  walkers.__dict__[d][iw] = xp.array(
/oscar/home/kberard/DL_env/TF_GPU.venv/lib64/python3.9/site-packages/ipie/walkers/pop_controller.py:175: ComplexWarning: Casting complex values to real discards the imaginary part
  walkers.__dict__[d][iw] = xp.array(
/oscar/home/kberard/DL_env/TF_GPU.venv/lib64/python3.9/site-packages/ipie/walkers/pop_controller.py:175: ComplexWarning: Casting complex values to real discards the imaginary part
  walkers.__dict__[d][iw] = xp.array(
/oscar/home/kberard/DL_env/TF_GPU.venv/lib64/python3.9/site-packages/ipie/walkers/pop_controller.py:175: ComplexWarning: Casting complex values to real discards the imaginary part
  walkers.__dict__[d][iw] = xp.array(
/oscar/home/kberard/DL_env/TF_GPU.venv/lib64/python3.9/site-packages/ipie/walkers/pop_controller.py:175: ComplexWarning: Casting complex values to real discards the imaginary part
  walkers.__dict__[d][iw] = xp.array(
/oscar/home/kberard/DL_env/TF_GPU.venv/lib64/python3.9/site-packages/ipie/walkers/pop_controller.py:175: ComplexWarning: Casting complex values to real discards the imaginary part
  walkers.__dict__[d][iw] = xp.array(
/oscar/home/kberard/DL_env/TF_GPU.venv/lib64/python3.9/site-packages/ipie/walkers/pop_controller.py:175: ComplexWarning: Casting complex values to real discards the imaginary part
  walkers.__dict__[d][iw] = xp.array(
/oscar/home/kberard/DL_env/TF_GPU.venv/lib64/python3.9/site-packages/ipie/walkers/pop_controller.py:175: ComplexWarning: Casting complex values to real discards the imaginary part
  walkers.__dict__[d][iw] = xp.array(
/oscar/home/kberard/DL_env/TF_GPU.venv/lib64/python3.9/site-packages/ipie/walkers/pop_controller.py:175: ComplexWarning: Casting complex values to real discards the imaginary part
  walkers.__dict__[d][iw] = xp.array(
/oscar/home/kberard/DL_env/TF_GPU.venv/lib64/python3.9/site-packages/ipie/walkers/pop_controller.py:175: ComplexWarning: Casting complex values to real discards the imaginary part
  walkers.__dict__[d][iw] = xp.array(
/oscar/home/kberard/DL_env/TF_GPU.venv/lib64/python3.9/site-packages/ipie/walkers/pop_controller.py:175: ComplexWarning: Casting complex values to real discards the imaginary part
  walkers.__dict__[d][iw] = xp.array(
/oscar/home/kberard/DL_env/TF_GPU.venv/lib64/python3.9/site-packages/ipie/walkers/pop_controller.py:175: ComplexWarning: Casting complex values to real discards the imaginary part
  walkers.__dict__[d][iw] = xp.array(
/oscar/home/kberard/DL_env/TF_GPU.venv/lib64/python3.9/site-packages/ipie/walkers/pop_controller.py:175: ComplexWarning: Casting complex values to real discards the imaginary part
  walkers.__dict__[d][iw] = xp.array(
/oscar/home/kberard/DL_env/TF_GPU.venv/lib64/python3.9/site-packages/ipie/walkers/pop_controller.py:175: ComplexWarning: Casting complex values to real discards the imaginary part
  walkers.__dict__[d][iw] = xp.array(
/oscar/home/kberard/DL_env/TF_GPU.venv/lib64/python3.9/site-packages/ipie/walkers/pop_controller.py:175: ComplexWarning: Casting complex values to real discards the imaginary part
  walkers.__dict__[d][iw] = xp.array(
/oscar/home/kberard/DL_env/TF_GPU.venv/lib64/python3.9/site-packages/ipie/walkers/pop_controller.py:175: ComplexWarning: Casting complex values to real discards the imaginary part
  walkers.__dict__[d][iw] = xp.array(
/oscar/home/kberard/DL_env/TF_GPU.venv/lib64/python3.9/site-packages/ipie/walkers/pop_controller.py:175: ComplexWarning: Casting complex values to real discards the imaginary part
  walkers.__dict__[d][iw] = xp.array(
/oscar/home/kberard/DL_env/TF_GPU.venv/lib64/python3.9/site-packages/ipie/walkers/pop_controller.py:175: ComplexWarning: Casting complex values to real discards the imaginary part
  walkers.__dict__[d][iw] = xp.array(
/oscar/home/kberard/DL_env/TF_GPU.venv/lib64/python3.9/site-packages/ipie/walkers/pop_controller.py:175: ComplexWarning: Casting complex values to real discards the imaginary part
  walkers.__dict__[d][iw] = xp.array(
/oscar/home/kberard/DL_env/TF_GPU.venv/lib64/python3.9/site-packages/ipie/walkers/pop_controller.py:175: ComplexWarning: Casting complex values to real discards the imaginary part
  walkers.__dict__[d][iw] = xp.array(
/oscar/home/kberard/DL_env/TF_GPU.venv/lib64/python3.9/site-packages/ipie/walkers/pop_controller.py:175: ComplexWarning: Casting complex values to real discards the imaginary part
  walkers.__dict__[d][iw] = xp.array(
/oscar/home/kberard/DL_env/TF_GPU.venv/lib64/python3.9/site-packages/ipie/walkers/pop_controller.py:175: ComplexWarning: Casting complex values to real discards the imaginary part
  walkers.__dict__[d][iw] = xp.array(
/oscar/home/kberard/DL_env/TF_GPU.venv/lib64/python3.9/site-packages/ipie/walkers/pop_controller.py:175: ComplexWarning: Casting complex values to real discards the imaginary part
  walkers.__dict__[d][iw] = xp.array(
/oscar/home/kberard/DL_env/TF_GPU.venv/lib64/python3.9/site-packages/ipie/walkers/pop_controller.py:175: ComplexWarning: Casting complex values to real discards the imaginary part
  walkers.__dict__[d][iw] = xp.array(
/oscar/home/kberard/DL_env/TF_GPU.venv/lib64/python3.9/site-packages/ipie/walkers/pop_controller.py:175: ComplexWarning: Casting complex values to real discards the imaginary part
  walkers.__dict__[d][iw] = xp.array(
/oscar/home/kberard/DL_env/TF_GPU.venv/lib64/python3.9/site-packages/ipie/walkers/pop_controller.py:175: ComplexWarning: Casting complex values to real discards the imaginary part
  walkers.__dict__[d][iw] = xp.array(
/oscar/home/kberard/DL_env/TF_GPU.venv/lib64/python3.9/site-packages/ipie/walkers/pop_controller.py:175: ComplexWarning: Casting complex values to real discards the imaginary part
  walkers.__dict__[d][iw] = xp.array(
/oscar/home/kberard/DL_env/TF_GPU.venv/lib64/python3.9/site-packages/ipie/walkers/pop_controller.py:175: ComplexWarning: Casting complex values to real discards the imaginary part
  walkers.__dict__[d][iw] = xp.array(
/oscar/home/kberard/DL_env/TF_GPU.venv/lib64/python3.9/site-packages/ipie/walkers/pop_controller.py:175: ComplexWarning: Casting complex values to real discards the imaginary part
  walkers.__dict__[d][iw] = xp.array(
/oscar/home/kberard/DL_env/TF_GPU.venv/lib64/python3.9/site-packages/ipie/walkers/pop_controller.py:175: ComplexWarning: Casting complex values to real discards the imaginary part
  walkers.__dict__[d][iw] = xp.array(
/oscar/home/kberard/DL_env/TF_GPU.venv/lib64/python3.9/site-packages/ipie/walkers/pop_controller.py:175: ComplexWarning: Casting complex values to real discards the imaginary part
  walkers.__dict__[d][iw] = xp.array(
/oscar/home/kberard/DL_env/TF_GPU.venv/lib64/python3.9/site-packages/ipie/walkers/pop_controller.py:175: ComplexWarning: Casting complex values to real discards the imaginary part
  walkers.__dict__[d][iw] = xp.array(
/oscar/home/kberard/DL_env/TF_GPU.venv/lib64/python3.9/site-packages/ipie/walkers/pop_controller.py:175: ComplexWarning: Casting complex values to real discards the imaginary part
  walkers.__dict__[d][iw] = xp.array(
/oscar/home/kberard/DL_env/TF_GPU.venv/lib64/python3.9/site-packages/ipie/walkers/pop_controller.py:175: ComplexWarning: Casting complex values to real discards the imaginary part
  walkers.__dict__[d][iw] = xp.array(
/oscar/home/kberard/DL_env/TF_GPU.venv/lib64/python3.9/site-packages/ipie/walkers/pop_controller.py:175: ComplexWarning: Casting complex values to real discards the imaginary part
  walkers.__dict__[d][iw] = xp.array(
/oscar/home/kberard/DL_env/TF_GPU.venv/lib64/python3.9/site-packages/ipie/walkers/pop_controller.py:175: ComplexWarning: Casting complex values to real discards the imaginary part
  walkers.__dict__[d][iw] = xp.array(
/oscar/home/kberard/DL_env/TF_GPU.venv/lib64/python3.9/site-packages/ipie/walkers/pop_controller.py:175: ComplexWarning: Casting complex values to real discards the imaginary part
  walkers.__dict__[d][iw] = xp.array(
/oscar/home/kberard/DL_env/TF_GPU.venv/lib64/python3.9/site-packages/ipie/walkers/pop_controller.py:175: ComplexWarning: Casting complex values to real discards the imaginary part
  walkers.__dict__[d][iw] = xp.array(
/oscar/home/kberard/DL_env/TF_GPU.venv/lib64/python3.9/site-packages/ipie/walkers/pop_controller.py:175: ComplexWarning: Casting complex values to real discards the imaginary part
  walkers.__dict__[d][iw] = xp.array(
/oscar/home/kberard/DL_env/TF_GPU.venv/lib64/python3.9/site-packages/ipie/walkers/pop_controller.py:175: ComplexWarning: Casting complex values to real discards the imaginary part
  walkers.__dict__[d][iw] = xp.array(
/oscar/home/kberard/DL_env/TF_GPU.venv/lib64/python3.9/site-packages/ipie/walkers/pop_controller.py:175: ComplexWarning: Casting complex values to real discards the imaginary part
  walkers.__dict__[d][iw] = xp.array(
/oscar/home/kberard/DL_env/TF_GPU.venv/lib64/python3.9/site-packages/ipie/walkers/pop_controller.py:175: ComplexWarning: Casting complex values to real discards the imaginary part
  walkers.__dict__[d][iw] = xp.array(
/oscar/home/kberard/DL_env/TF_GPU.venv/lib64/python3.9/site-packages/ipie/walkers/pop_controller.py:175: ComplexWarning: Casting complex values to real discards the imaginary part
  walkers.__dict__[d][iw] = xp.array(
/oscar/home/kberard/DL_env/TF_GPU.venv/lib64/python3.9/site-packages/ipie/walkers/pop_controller.py:175: ComplexWarning: Casting complex values to real discards the imaginary part
  walkers.__dict__[d][iw] = xp.array(
/oscar/home/kberard/DL_env/TF_GPU.venv/lib64/python3.9/site-packages/ipie/walkers/pop_controller.py:175: ComplexWarning: Casting complex values to real discards the imaginary part
  walkers.__dict__[d][iw] = xp.array(
/oscar/home/kberard/DL_env/TF_GPU.venv/lib64/python3.9/site-packages/ipie/walkers/pop_controller.py:175: ComplexWarning: Casting complex values to real discards the imaginary part
  walkers.__dict__[d][iw] = xp.array(
/oscar/home/kberard/DL_env/TF_GPU.venv/lib64/python3.9/site-packages/ipie/walkers/pop_controller.py:175: ComplexWarning: Casting complex values to real discards the imaginary part
  walkers.__dict__[d][iw] = xp.array(
/oscar/home/kberard/DL_env/TF_GPU.venv/lib64/python3.9/site-packages/ipie/walkers/pop_controller.py:175: ComplexWarning: Casting complex values to real discards the imaginary part
  walkers.__dict__[d][iw] = xp.array(
/oscar/home/kberard/DL_env/TF_GPU.venv/lib64/python3.9/site-packages/ipie/walkers/pop_controller.py:175: ComplexWarning: Casting complex values to real discards the imaginary part
  walkers.__dict__[d][iw] = xp.array(
/oscar/home/kberard/DL_env/TF_GPU.venv/lib64/python3.9/site-packages/ipie/walkers/pop_controller.py:175: ComplexWarning: Casting complex values to real discards the imaginary part
  walkers.__dict__[d][iw] = xp.array(
/oscar/home/kberard/DL_env/TF_GPU.venv/lib64/python3.9/site-packages/ipie/walkers/pop_controller.py:175: ComplexWarning: Casting complex values to real discards the imaginary part
  walkers.__dict__[d][iw] = xp.array(
/oscar/home/kberard/DL_env/TF_GPU.venv/lib64/python3.9/site-packages/ipie/walkers/pop_controller.py:175: ComplexWarning: Casting complex values to real discards the imaginary part
  walkers.__dict__[d][iw] = xp.array(
/oscar/home/kberard/DL_env/TF_GPU.venv/lib64/python3.9/site-packages/ipie/walkers/pop_controller.py:175: ComplexWarning: Casting complex values to real discards the imaginary part
  walkers.__dict__[d][iw] = xp.array(
/oscar/home/kberard/DL_env/TF_GPU.venv/lib64/python3.9/site-packages/ipie/walkers/pop_controller.py:175: ComplexWarning: Casting complex values to real discards the imaginary part
  walkers.__dict__[d][iw] = xp.array(
/oscar/home/kberard/DL_env/TF_GPU.venv/lib64/python3.9/site-packages/ipie/walkers/pop_controller.py:175: ComplexWarning: Casting complex values to real discards the imaginary part
  walkers.__dict__[d][iw] = xp.array(
/oscar/home/kberard/DL_env/TF_GPU.venv/lib64/python3.9/site-packages/ipie/walkers/pop_controller.py:175: ComplexWarning: Casting complex values to real discards the imaginary part
  walkers.__dict__[d][iw] = xp.array(
/oscar/home/kberard/DL_env/TF_GPU.venv/lib64/python3.9/site-packages/ipie/walkers/pop_controller.py:175: ComplexWarning: Casting complex values to real discards the imaginary part
  walkers.__dict__[d][iw] = xp.array(
/oscar/home/kberard/DL_env/TF_GPU.venv/lib64/python3.9/site-packages/ipie/walkers/pop_controller.py:175: ComplexWarning: Casting complex values to real discards the imaginary part
  walkers.__dict__[d][iw] = xp.array(
/oscar/home/kberard/DL_env/TF_GPU.venv/lib64/python3.9/site-packages/ipie/walkers/pop_controller.py:175: ComplexWarning: Casting complex values to real discards the imaginary part
  walkers.__dict__[d][iw] = xp.array(
/oscar/home/kberard/DL_env/TF_GPU.venv/lib64/python3.9/site-packages/ipie/walkers/pop_controller.py:175: ComplexWarning: Casting complex values to real discards the imaginary part
  walkers.__dict__[d][iw] = xp.array(
/oscar/home/kberard/DL_env/TF_GPU.venv/lib64/python3.9/site-packages/ipie/walkers/pop_controller.py:175: ComplexWarning: Casting complex values to real discards the imaginary part
  walkers.__dict__[d][iw] = xp.array(
